2013-10-27T153939.326Z 52.6
2013-10-27T153944.331Z 50.0
2013-10-27T153949.286Z 61.4
2013-10-27T153954.286Z 56.5
2013-10-27T153959.285Z 57.2
2013-10-27T154004.289Z 65.3
2013-10-27T154009.292Z 59.4
2013-10-27T154014.295Z 55.7
2013-10-27T154019.295Z 64.7
2013-10-27T154024.295Z 57.2
2013-10-27T154029.299Z 52.6
2013-10-27T154034.300Z 54.9
2013-10-27T154039.307Z 53.4
2013-10-27T154044.310Z 56.5
2013-10-27T154049.311Z 54.9
2013-10-27T154054.311Z 56.5
2013-10-27T154059.316Z 64.1
2013-10-27T154104.320Z 60.8
2013-10-27T154109.324Z 55.7
2013-10-27T154114.325Z 54.2
2013-10-27T154119.331Z 43.6
2013-10-27T154124.336Z 54.2
2013-10-27T154129.336Z 54.2
2013-10-27T154134.336Z 53.4
2013-10-27T154139.337Z 64.7
2013-10-27T154144.341Z 55.7
2013-10-27T154149.354Z 54.9
2013-10-27T154154.358Z 66.6
2013-10-27T154159.362Z 54.9
2013-10-27T154204.365Z 50.9
2013-10-27T154209.370Z 59.4
2013-10-27T154214.374Z 62.1
2013-10-27T154219.386Z 57.2
2013-10-27T154224.384Z 54.2
2013-10-27T154229.392Z 52.6
2013-10-27T154234.393Z 64.7
2013-10-27T154239.399Z 54.9
2013-10-27T154244.403Z 52.6
2013-10-27T154249.410Z 54.2
2013-10-27T154254.414Z 54.2
2013-10-27T154259.417Z 52.6
2013-10-27T154304.423Z 54.2
2013-10-27T154309.428Z 52.6
2013-10-27T154314.432Z 45.5
2013-10-27T154319.441Z 59.4
2013-10-27T154324.442Z 54.2
2013-10-27T154329.445Z 51.7
2013-10-27T154334.450Z 54.9
2013-10-27T154339.455Z 62.1
2013-10-27T154344.458Z 54.9
2013-10-27T154349.463Z 60.1
2013-10-27T154354.469Z 63.4
2013-10-27T154359.470Z 60.1
2013-10-27T154404.476Z 46.5
2013-10-27T154409.481Z 54.9
2013-10-27T154414.486Z 51.7
2013-10-27T154419.490Z 53.4
2013-10-27T154424.496Z 56.5
2013-10-27T154429.500Z 58.7
2013-10-27T154434.503Z 54.9
2013-10-27T154439.507Z 44.6
2013-10-27T154444.512Z 54.2
2013-10-27T154449.514Z 60.1
2013-10-27T154454.520Z 52.6
2013-10-27T154459.526Z 62.8
2013-10-27T154504.527Z 51.7
2013-10-27T154509.534Z 59.4
2013-10-27T154514.534Z 54.2
2013-10-27T154519.539Z 40.5
2013-10-27T154524.544Z 57.2
2013-10-27T154529.546Z 58.7
2013-10-27T154534.551Z 52.6
2013-10-27T154539.556Z 54.2
2013-10-27T154544.559Z 57.2
2013-10-27T154549.564Z 56.5
2013-10-27T154554.570Z 58.7
2013-10-27T154559.572Z 62.1
2013-10-27T154604.578Z 54.9
2013-10-27T154609.582Z 57.2
2013-10-27T154614.586Z 64.1
2013-10-27T154619.590Z 61.4
2013-10-27T154624.596Z 66.0
2013-10-27T154629.600Z 73.4
2013-10-27T154634.606Z 62.1
2013-10-27T154639.611Z 74.0
2013-10-27T154644.616Z 81.3
2013-10-27T154649.620Z 77.5
2013-10-27T154654.627Z 82.2
2013-10-27T154659.632Z 82.2
2013-10-27T154704.637Z 84.0
2013-10-27T154709.641Z 92.2
2013-10-27T154714.645Z 88.2
2013-10-27T154719.654Z 89.4
2013-10-27T154724.656Z 93.3
2013-10-27T154729.660Z 88.2
2013-10-27T154734.665Z 93.7
2013-10-27T154739.670Z 96.9
2013-10-27T154744.674Z 95.1
2013-10-27T154749.678Z 98.0
2013-10-27T154754.683Z 102.9
2013-10-27T154759.688Z 100.0
2013-10-27T154804.693Z 98.3
2013-10-27T154809.697Z 98.3
2013-10-27T154814.702Z 99.7
2013-10-27T154819.706Z 105.1
2013-10-27T154824.709Z 101.6
2013-10-27T154829.715Z 101.0
2013-10-27T154834.720Z 95.9
2013-10-27T154839.725Z 104.5
2013-10-27T154844.730Z 102.9
2013-10-27T154849.735Z 105.4
2013-10-27T154854.738Z 100.0
2013-10-27T154859.745Z 107.5
2013-10-27T154904.750Z 109.3
2013-10-27T154909.753Z 107.8
2013-10-27T154914.757Z 113.8
2013-10-27T154919.761Z 115.6
2013-10-27T154924.765Z 109.6
2013-10-27T154929.770Z 110.7
2013-10-27T154934.775Z 114.0
2013-10-27T154939.779Z 117.4
2013-10-27T154944.787Z 116.1
2013-10-27T154949.788Z 118.5
2013-10-27T154954.792Z 118.7
2013-10-27T154959.798Z 117.4
2013-10-27T155004.802Z 120.0
2013-10-27T155009.804Z 120.2
2013-10-27T155014.806Z 123.1
2013-10-27T155019.811Z 124.5
2013-10-27T155024.815Z 122.6
2013-10-27T155029.820Z 125.7
2013-10-27T155034.831Z 122.2
2013-10-27T155039.850Z 129.3
2013-10-27T155044.836Z 131.5
2013-10-27T155049.840Z 130.8
2013-10-27T155054.845Z 134.0
2013-10-27T155059.849Z 132.3
2013-10-27T155104.851Z 136.7
2013-10-27T155109.856Z 134.2
2013-10-27T155114.866Z 137.7
2013-10-27T155119.864Z 138.3
2013-10-27T155124.870Z 137.3
2013-10-27T155129.873Z 138.7
2013-10-27T155134.878Z 137.3
2013-10-27T155139.884Z 140.8
2013-10-27T155144.887Z 142.7
2013-10-27T155149.891Z 142.2
2013-10-27T155154.897Z 142.9
2013-10-27T155159.902Z 142.2
2013-10-27T155204.903Z 141.8
2013-10-27T155209.908Z 144.8
2013-10-27T155214.910Z 146.6
2013-10-27T155219.915Z 149.3
2013-10-27T155224.921Z 148.8
2013-10-27T155229.924Z 148.8
2013-10-27T155234.929Z 146.6
2013-10-27T155239.933Z 152.5
2013-10-27T155244.937Z 151.1
2013-10-27T155249.942Z 153.2
2013-10-27T155254.947Z 152.1
2013-10-27T155259.953Z 150.4
2013-10-27T155304.959Z 153.7
2013-10-27T155309.969Z 153.7
2013-10-27T155314.970Z 155.5
2013-10-27T155319.975Z 156.4
2013-10-27T155324.979Z 157.0
2013-10-27T155329.982Z 159.2
2013-10-27T155334.988Z 158.2
2013-10-27T155339.988Z 160.0
2013-10-27T155344.994Z 160.8
2013-10-27T155349.998Z 160.8
2013-10-27T155355.001Z 163.8
2013-10-27T155400.002Z 163.7
2013-10-27T155405.008Z 162.6
2013-10-27T155410.012Z 162.4
2013-10-27T155415.017Z 164.3
2013-10-27T155420.021Z 165.9
2013-10-27T155425.025Z 164.6
2013-10-27T155430.031Z 166.5
2013-10-27T155435.036Z 166.9
2013-10-27T155440.041Z 166.0
2013-10-27T155445.046Z 168.8
2013-10-27T155450.051Z 169.4
2013-10-27T155455.055Z 168.2
2013-10-27T155500.060Z 169.8
2013-10-27T155505.066Z 171.1
2013-10-27T155510.071Z 168.2
2013-10-27T155515.075Z 172.1
2013-10-27T155520.080Z 172.3
2013-10-27T155525.085Z 173.4
2013-10-27T155530.107Z 174.8
2013-10-27T155535.096Z 174.0
2013-10-27T155540.110Z 175.7
2013-10-27T155545.104Z 177.1
2013-10-27T155550.109Z 178.1
2013-10-27T155555.113Z 178.7
2013-10-27T155600.115Z 176.4
2013-10-27T155605.119Z 179.3
2013-10-27T155610.128Z 180.6
2013-10-27T155615.128Z 181.2
2013-10-27T155620.132Z 180.9
2013-10-27T155625.137Z 181.3
2013-10-27T155630.141Z 182.4
2013-10-27T155635.146Z 183.4
2013-10-27T155640.150Z 184.7
2013-10-27T155645.155Z 185.0
2013-10-27T155650.159Z 186.4
2013-10-27T155655.163Z 186.0
2013-10-27T155700.164Z 186.2
2013-10-27T155705.169Z 183.7
2013-10-27T155710.173Z 186.5
2013-10-27T155715.177Z 187.5
2013-10-27T155720.181Z 187.8
2013-10-27T155725.186Z 189.7
2013-10-27T155730.191Z 188.8
2013-10-27T155735.195Z 187.2
2013-10-27T155740.200Z 191.3
2013-10-27T155745.203Z 192.1
2013-10-27T155750.207Z 192.9
2013-10-27T155755.213Z 194.0
2013-10-27T155800.213Z 195.1
2013-10-27T155805.218Z 195.4
2013-10-27T155810.225Z 195.6
2013-10-27T155815.226Z 197.1
2013-10-27T155820.231Z 198.1
2013-10-27T155825.238Z 197.8
2013-10-27T155830.242Z 197.7
2013-10-27T155835.245Z 198.4
2013-10-27T155840.251Z 199.0
2013-10-27T155845.255Z 199.2
2013-10-27T155850.257Z 200.4
2013-10-27T155855.263Z 200.4
2013-10-27T155900.264Z 201.1
2013-10-27T155905.270Z 202.4
2013-10-27T155910.276Z 203.0
2013-10-27T155915.280Z 202.3
2013-10-27T155920.284Z 203.8
2013-10-27T155925.288Z 200.8
2013-10-27T155930.293Z 204.0
2013-10-27T155935.297Z 205.7
2013-10-27T155940.301Z 205.4
2013-10-27T155945.305Z 206.9
2013-10-27T155950.310Z 206.3
2013-10-27T155955.315Z 206.5
2013-10-27T160000.317Z 207.5
2013-10-27T160005.321Z 208.5
2013-10-27T160010.326Z 208.5
2013-10-27T160015.330Z 209.8
2013-10-27T160020.333Z 210.2
2013-10-27T160025.338Z 209.3
2013-10-27T160030.343Z 212.9
2013-10-27T160035.348Z 212.1
2013-10-27T160040.354Z 212.2
2013-10-27T160045.373Z 213.5
2013-10-27T160050.361Z 213.2
2013-10-27T160055.367Z 212.4
2013-10-27T160100.368Z 213.6
2013-10-27T160105.372Z 214.4
2013-10-27T160110.379Z 215.3
2013-10-27T160115.382Z 214.0
2013-10-27T160120.386Z 207.7
2013-10-27T160125.392Z 202.7
2013-10-27T160130.397Z 198.5
2013-10-27T160135.401Z 191.7
2013-10-27T160140.405Z 185.7
2013-10-27T160145.409Z 180.0
2013-10-27T160150.413Z 174.6
2013-10-27T160155.418Z 174.2
2013-10-27T160200.419Z 174.2
2013-10-27T160205.422Z 174.8
2013-10-27T160210.427Z 175.5
2013-10-27T160215.432Z 176.4
2013-10-27T160220.435Z 178.9
2013-10-27T160225.440Z 179.0
2013-10-27T160230.444Z 177.8
2013-10-27T160235.449Z 178.3
2013-10-27T160240.454Z 179.3
2013-10-27T160245.459Z 180.3
2013-10-27T160250.463Z 181.0
2013-10-27T160255.468Z 181.0
2013-10-27T160300.470Z 181.7
2013-10-27T160305.474Z 182.6
2013-10-27T160310.479Z 181.9
2013-10-27T160315.485Z 182.6
2013-10-27T160320.488Z 183.4
2013-10-27T160325.493Z 184.1
2013-10-27T160330.498Z 185.7
2013-10-27T160335.501Z 185.8
2013-10-27T160340.507Z 184.6
2013-10-27T160345.511Z 185.4
2013-10-27T160350.516Z 186.8
2013-10-27T160355.521Z 186.9
2013-10-27T160400.526Z 187.2
2013-10-27T160405.530Z 187.9
2013-10-27T160410.532Z 187.5
2013-10-27T160415.537Z 187.2
2013-10-27T160420.541Z 188.5
2013-10-27T160425.544Z 187.6
2013-10-27T160430.549Z 190.0
2013-10-27T160435.554Z 189.3
2013-10-27T160440.558Z 187.2
2013-10-27T160445.563Z 189.7
2013-10-27T160450.567Z 190.0
2013-10-27T160455.571Z 188.3
2013-10-27T160500.576Z 190.0
2013-10-27T160505.583Z 190.4
2013-10-27T160510.586Z 189.0
2013-10-27T160515.591Z 191.3
2013-10-27T160520.595Z 191.3
2013-10-27T160525.599Z 191.4
2013-10-27T160530.604Z 192.2
2013-10-27T160535.624Z 193.9
2013-10-27T160540.615Z 190.8
2013-10-27T160545.619Z 193.0
2013-10-27T160550.623Z 193.6
2013-10-27T160555.628Z 195.2
2013-10-27T160600.634Z 193.7
2013-10-27T160605.638Z 194.5
2013-10-27T160610.643Z 193.6
2013-10-27T160615.647Z 194.5
2013-10-27T160620.650Z 196.9
2013-10-27T160625.655Z 195.2
2013-10-27T160630.660Z 195.5
2013-10-27T160635.665Z 196.6
2013-10-27T160640.670Z 195.9
2013-10-27T160645.675Z 197.8
2013-10-27T160650.679Z 196.7
2013-10-27T160655.684Z 196.9
2013-10-27T160700.685Z 198.2
2013-10-27T160705.690Z 198.0
2013-10-27T160710.694Z 196.7
2013-10-27T160715.722Z 198.5
2013-10-27T160720.702Z 199.7
2013-10-27T160725.721Z 199.2
2013-10-27T160730.711Z 198.9
2013-10-27T160735.716Z 200.0
2013-10-27T160740.720Z 201.5
2013-10-27T160745.724Z 200.7
2013-10-27T160750.727Z 202.4
2013-10-27T160755.732Z 200.8
2013-10-27T160800.738Z 201.7
2013-10-27T160805.742Z 201.1
2013-10-27T160810.746Z 201.9
2013-10-27T160815.751Z 201.9
2013-10-27T160820.754Z 202.3
2013-10-27T160825.758Z 202.4
2013-10-27T160830.764Z 203.0
2013-10-27T160835.768Z 204.7
2013-10-27T160840.770Z 202.6
2013-10-27T160845.776Z 202.7
2013-10-27T160850.778Z 203.8
2013-10-27T160855.783Z 204.4
2013-10-27T160900.790Z 204.0
2013-10-27T160905.793Z 205.1
2013-10-27T160910.797Z 202.8
2013-10-27T160915.801Z 205.5
2013-10-27T160920.805Z 205.7
2013-10-27T160925.810Z 207.4
2013-10-27T160930.816Z 206.5
2013-10-27T160935.822Z 206.6
2013-10-27T160940.826Z 208.6
2013-10-27T160945.831Z 207.8
2013-10-27T160950.835Z 204.6
2013-10-27T160955.839Z 206.7
2013-10-27T161000.845Z 209.0
2013-10-27T161005.849Z 208.5
2013-10-27T161010.854Z 209.4
2013-10-27T161015.856Z 206.2
2013-10-27T161020.860Z 207.8
2013-10-27T161025.865Z 209.0
2013-10-27T161030.871Z 209.7
2013-10-27T161035.876Z 207.9
2013-10-27T161040.881Z 210.0
2013-10-27T161045.886Z 210.5
2013-10-27T161050.887Z 210.9
2013-10-27T161055.895Z 210.2
2013-10-27T161100.893Z 210.6
2013-10-27T161105.898Z 210.2
2013-10-27T161110.901Z 210.9
2013-10-27T161115.907Z 212.0
2013-10-27T161120.912Z 210.4
2013-10-27T161125.915Z 210.9
2013-10-27T161130.921Z 211.8
2013-10-27T161135.926Z 212.1
2013-10-27T161140.930Z 212.5
2013-10-27T161145.949Z 213.3
2013-10-27T161150.938Z 213.1
2013-10-27T161155.944Z 213.1
2013-10-27T161200.949Z 214.3
2013-10-27T161205.952Z 212.8
2013-10-27T161211.019Z 215.9
2013-10-27T161215.963Z 214.5
2013-10-27T161220.965Z 214.5
2013-10-27T161225.970Z 216.3
2013-10-27T161230.984Z 215.6
2013-10-27T161235.981Z 215.6
2013-10-27T161241.053Z 216.3
2013-10-27T161245.988Z 216.4
2013-10-27T161250.990Z 215.9
2013-10-27T161255.995Z 216.8
2013-10-27T161300.997Z 217.4
2013-10-27T161306.002Z 217.5
2013-10-27T161311.007Z 216.4
2013-10-27T161316.011Z 217.2
2013-10-27T161321.015Z 218.6
2013-10-27T161326.020Z 217.4
2013-10-27T161331.025Z 217.5
2013-10-27T161336.029Z 219.1
2013-10-27T161341.034Z 217.8
2013-10-27T161346.042Z 218.2
2013-10-27T161351.043Z 218.3
2013-10-27T161356.049Z 219.0
2013-10-27T161401.050Z 218.2
2013-10-27T161406.055Z 218.0
2013-10-27T161411.059Z 219.7
2013-10-27T161416.066Z 218.7
2013-10-27T161421.067Z 219.9
2013-10-27T161426.073Z 219.7
2013-10-27T161431.077Z 220.7
2013-10-27T161436.081Z 219.7
2013-10-27T161441.085Z 219.5
2013-10-27T161446.090Z 220.1
2013-10-27T161451.096Z 219.4
2013-10-27T161456.099Z 220.7
2013-10-27T161501.105Z 221.2
2013-10-27T161506.110Z 223.6
2013-10-27T161511.112Z 221.7
2013-10-27T161516.118Z 222.1
2013-10-27T161521.123Z 221.7
2013-10-27T161526.126Z 222.6
2013-10-27T161531.131Z 222.8
2013-10-27T161536.136Z 222.4
2013-10-27T161541.141Z 222.2
2013-10-27T161546.145Z 222.6
2013-10-27T161551.150Z 221.6
2013-10-27T161556.154Z 223.6
2013-10-27T161601.159Z 223.7
2013-10-27T161606.165Z 223.3
2013-10-27T161611.169Z 225.1
2013-10-27T161616.173Z 224.8
2013-10-27T161621.176Z 225.1
2013-10-27T161626.182Z 224.4
2013-10-27T161631.185Z 224.7
2013-10-27T161636.190Z 224.7
2013-10-27T161641.195Z 224.7
2013-10-27T161646.200Z 225.1
2013-10-27T161651.204Z 225.5
2013-10-27T161656.209Z 226.2
2013-10-27T161701.214Z 224.8
2013-10-27T161706.218Z 225.0
2013-10-27T161711.223Z 226.2
2013-10-27T161716.228Z 225.9
2013-10-27T161721.232Z 225.2
2013-10-27T161726.237Z 226.7
2013-10-27T161731.242Z 227.6
2013-10-27T161736.246Z 227.8
2013-10-27T161741.249Z 227.2
2013-10-27T161746.253Z 225.5
2013-10-27T161751.260Z 226.7
2013-10-27T161756.262Z 227.7
2013-10-27T161801.264Z 228.0
2013-10-27T161806.267Z 228.0
2013-10-27T161811.272Z 228.7
2013-10-27T161816.276Z 228.5
2013-10-27T161821.279Z 228.0
2013-10-27T161826.286Z 228.4
2013-10-27T161831.290Z 230.2
2013-10-27T161836.293Z 228.5
2013-10-27T161841.298Z 228.7
2013-10-27T161846.303Z 231.2
2013-10-27T161851.307Z 228.8
2013-10-27T161856.312Z 228.8
2013-10-27T161901.314Z 229.5
2013-10-27T161906.319Z 228.5
2013-10-27T161911.323Z 228.9
2013-10-27T161916.330Z 228.9
2013-10-27T161921.333Z 229.4
2013-10-27T161926.340Z 229.1
2013-10-27T161931.344Z 229.6
2013-10-27T161936.349Z 229.5
2013-10-27T161941.354Z 229.8
2013-10-27T161946.358Z 229.9
2013-10-27T161951.363Z 229.4
2013-10-27T161956.368Z 229.4
2013-10-27T162001.373Z 229.9
2013-10-27T162006.379Z 227.6
2013-10-27T162011.383Z 229.1
2013-10-27T162016.386Z 229.4
2013-10-27T162021.390Z 232.3
2013-10-27T162026.395Z 229.8
2013-10-27T162031.399Z 230.2
2013-10-27T162036.405Z 230.2
2013-10-27T162041.410Z 230.6
2013-10-27T162046.415Z 229.4
2013-10-27T162051.419Z 229.6
2013-10-27T162056.424Z 230.2
2013-10-27T162101.424Z 230.2
2013-10-27T162106.429Z 229.5
2013-10-27T162111.434Z 230.1
2013-10-27T162116.439Z 230.1
2013-10-27T162121.442Z 229.6
2013-10-27T162126.449Z 230.9
2013-10-27T162131.452Z 229.5
2013-10-27T162136.457Z 232.1
2013-10-27T162141.462Z 230.1
2013-10-27T162146.467Z 228.7
2013-10-27T162151.470Z 230.3
2013-10-27T162156.477Z 229.1
2013-10-27T162201.480Z 230.2
2013-10-27T162206.485Z 228.5
2013-10-27T162211.489Z 230.2
2013-10-27T162216.494Z 230.6
2013-10-27T162221.499Z 230.1
2013-10-27T162226.505Z 230.5
2013-10-27T162231.509Z 227.6
2013-10-27T162236.514Z 230.7
2013-10-27T162241.520Z 230.2
2013-10-27T162246.524Z 231.2
2013-10-27T162251.529Z 229.2
2013-10-27T162256.533Z 230.2
2013-10-27T162301.535Z 230.7
2013-10-27T162306.539Z 229.6
2013-10-27T162311.544Z 230.6
2013-10-27T162316.548Z 231.0
2013-10-27T162321.553Z 232.0
2013-10-27T162326.559Z 229.6
2013-10-27T162331.561Z 230.5
2013-10-27T162336.567Z 231.6
2013-10-27T162341.572Z 231.7
2013-10-27T162346.575Z 229.6
2013-10-27T162351.580Z 231.7
2013-10-27T162356.585Z 232.7
2013-10-27T162401.590Z 229.5
2013-10-27T162406.595Z 231.2
2013-10-27T162411.600Z 231.0
2013-10-27T162416.604Z 230.9
2013-10-27T162421.607Z 229.6
2013-10-27T162426.612Z 230.3
2013-10-27T162431.617Z 230.5
2013-10-27T162436.621Z 230.6
2013-10-27T162441.625Z 230.2
2013-10-27T162446.630Z 229.6
2013-10-27T162451.634Z 229.1
2013-10-27T162456.639Z 229.8
2013-10-27T162501.641Z 229.1
2013-10-27T162506.643Z 229.9
2013-10-27T162511.648Z 227.7
2013-10-27T162516.652Z 229.2
2013-10-27T162521.657Z 229.1
2013-10-27T162526.665Z 228.3
2013-10-27T162531.668Z 227.2
2013-10-27T162536.670Z 229.5
2013-10-27T162541.675Z 228.1
2013-10-27T162546.680Z 228.1
2013-10-27T162551.690Z 229.1
2013-10-27T162556.688Z 227.2
2013-10-27T162601.689Z 225.7
2013-10-27T162606.693Z 226.7
2013-10-27T162611.697Z 228.3
2013-10-27T162616.702Z 227.3
2013-10-27T162621.707Z 226.2
2013-10-27T162626.713Z 226.9
2013-10-27T162631.717Z 225.2
2013-10-27T162636.721Z 226.2
2013-10-27T162641.725Z 226.2
2013-10-27T162646.729Z 225.2
2013-10-27T162651.734Z 225.2
2013-10-27T162656.739Z 225.4
2013-10-27T162701.742Z 224.7
2013-10-27T162706.747Z 225.1
2013-10-27T162711.752Z 226.1
2013-10-27T162716.757Z 226.6
2013-10-27T162721.761Z 226.1
2013-10-27T162726.761Z 225.4
2013-10-27T162731.766Z 224.7
2013-10-27T162736.770Z 224.6
2013-10-27T162741.775Z 224.7
2013-10-27T162746.778Z 225.2
2013-10-27T162751.783Z 225.2
2013-10-27T162756.788Z 218.4
2013-10-27T162801.789Z 208.3
2013-10-27T162806.794Z 199.7
2013-10-27T162811.798Z 192.8
2013-10-27T162816.801Z 187.2
2013-10-27T162821.806Z 186.7
2013-10-27T162826.811Z 187.6
2013-10-27T162831.815Z 187.8
2013-10-27T162836.822Z 189.3
2013-10-27T162841.825Z 191.3
2013-10-27T162846.828Z 195.2
2013-10-27T162851.833Z 193.7
2013-10-27T162856.838Z 196.2
2013-10-27T162901.843Z 198.0
2013-10-27T162906.848Z 197.5
2013-10-27T162911.853Z 200.7
2013-10-27T162916.857Z 201.6
2013-10-27T162921.861Z 202.6
2013-10-27T162926.866Z 203.1
2013-10-27T162931.870Z 204.7
2013-10-27T162936.874Z 204.8
2013-10-27T162941.879Z 206.6
2013-10-27T162946.884Z 206.1
2013-10-27T162951.889Z 207.5
2013-10-27T162956.893Z 207.5
2013-10-27T163001.905Z 209.0
2013-10-27T163006.901Z 211.6
2013-10-27T163011.906Z 210.2
2013-10-27T163016.911Z 212.4
2013-10-27T163021.915Z 213.7
2013-10-27T163026.918Z 213.7
2013-10-27T163031.923Z 213.7
2013-10-27T163036.928Z 215.2
2013-10-27T163041.928Z 216.3
2013-10-27T163046.933Z 216.8
2013-10-27T163051.937Z 216.6
2013-10-27T163056.942Z 217.9
2013-10-27T163101.947Z 218.2
2013-10-27T163106.951Z 213.9
2013-10-27T163111.956Z 219.3
2013-10-27T163116.961Z 220.2
2013-10-27T163121.963Z 219.8
2013-10-27T163126.970Z 220.1
2013-10-27T163131.974Z 221.3
2013-10-27T163136.980Z 221.3
2013-10-27T163141.982Z 221.3
2013-10-27T163146.987Z 222.0
2013-10-27T163151.991Z 222.2
2013-10-27T163156.995Z 222.9
2013-10-27T163201.998Z 221.7
2013-10-27T163207.003Z 222.1
2013-10-27T163212.006Z 222.9
2013-10-27T163217.011Z 222.8
2013-10-27T163222.014Z 221.7
2013-10-27T163227.019Z 221.8
2013-10-27T163232.023Z 221.8
2013-10-27T163237.029Z 218.7
2013-10-27T163242.032Z 221.6
2013-10-27T163247.037Z 221.3
2013-10-27T163252.041Z 221.4
2013-10-27T163257.047Z 221.2
2013-10-27T163302.047Z 220.2
2013-10-27T163307.051Z 222.4
2013-10-27T163312.056Z 220.3
2013-10-27T163317.060Z 221.0
2013-10-27T163322.064Z 221.4
2013-10-27T163327.068Z 221.4
2013-10-27T163332.073Z 220.5
2013-10-27T163337.075Z 220.1
2013-10-27T163342.079Z 222.0
2013-10-27T163347.084Z 221.3
2013-10-27T163352.087Z 219.7
2013-10-27T163357.092Z 222.4
2013-10-27T163402.093Z 222.4
2013-10-27T163407.097Z 223.2
2013-10-27T163412.100Z 224.8
2013-10-27T163417.105Z 225.7
2013-10-27T163422.109Z 226.6
2013-10-27T163427.112Z 226.7
2013-10-27T163432.118Z 228.7
2013-10-27T163437.123Z 227.4
2013-10-27T163442.127Z 226.7
2013-10-27T163447.131Z 228.1
2013-10-27T163452.137Z 226.9
2013-10-27T163457.141Z 227.2
2013-10-27T163502.142Z 227.0
2013-10-27T163507.146Z 228.4
2013-10-27T163512.153Z 228.1
2013-10-27T163517.158Z 230.7
2013-10-27T163522.162Z 228.7
2013-10-27T163527.167Z 226.3
2013-10-27T163532.170Z 228.9
2013-10-27T163537.175Z 229.4
2013-10-27T163542.180Z 227.6
2013-10-27T163547.184Z 228.0
2013-10-27T163552.189Z 227.4
2013-10-27T163557.194Z 228.5
2013-10-27T163602.198Z 227.4
2013-10-27T163607.203Z 225.8
2013-10-27T163612.208Z 225.8
2013-10-27T163617.213Z 227.7
2013-10-27T163622.216Z 227.3
2013-10-27T163627.222Z 224.7
2013-10-27T163632.225Z 226.1
2013-10-27T163637.229Z 227.6
2013-10-27T163642.235Z 226.2
2013-10-27T163647.239Z 226.6
2013-10-27T163652.242Z 226.3
2013-10-27T163657.247Z 226.7
2013-10-27T163702.253Z 225.5
2013-10-27T163707.257Z 227.2
2013-10-27T163712.262Z 227.6
2013-10-27T163717.266Z 226.1
2013-10-27T163722.270Z 226.6
2013-10-27T163727.275Z 227.4
2013-10-27T163732.280Z 226.3
2013-10-27T163737.292Z 228.7
2013-10-27T163742.293Z 227.3
2013-10-27T163747.295Z 226.2
2013-10-27T163752.299Z 226.2
2013-10-27T163757.303Z 227.2
2013-10-27T163802.304Z 226.7
2013-10-27T163807.309Z 225.8
2013-10-27T163812.314Z 225.9
2013-10-27T163817.317Z 225.4
2013-10-27T163822.320Z 225.4
2013-10-27T163827.324Z 225.7
2013-10-27T163832.328Z 226.1
2013-10-27T163837.333Z 225.8
2013-10-27T163842.338Z 225.2
2013-10-27T163847.342Z 226.2
2013-10-27T163852.345Z 225.0
2013-10-27T163857.350Z 225.1
2013-10-27T163902.354Z 224.7
2013-10-27T163907.358Z 224.1
2013-10-27T163912.363Z 225.2
2013-10-27T163917.368Z 223.6
2013-10-27T163922.372Z 224.8
2013-10-27T163927.377Z 225.1
2013-10-27T163932.381Z 225.0
2013-10-27T163937.386Z 224.8
2013-10-27T163942.391Z 225.0
2013-10-27T163947.395Z 223.5
2013-10-27T163952.399Z 223.6
2013-10-27T163957.404Z 224.4
2013-10-27T164002.405Z 224.0
2013-10-27T164007.409Z 224.3
2013-10-27T164012.415Z 224.8
2013-10-27T164017.417Z 224.1
2013-10-27T164022.421Z 224.1
2013-10-27T164027.425Z 224.7
2013-10-27T164032.429Z 224.7
2013-10-27T164037.432Z 223.2
2013-10-27T164042.437Z 224.4
2013-10-27T164047.441Z 223.5
2013-10-27T164052.446Z 223.2
2013-10-27T164057.450Z 224.3
2013-10-27T164102.455Z 223.9
2013-10-27T164107.459Z 225.1
2013-10-27T164112.465Z 223.7
2013-10-27T164117.469Z 224.6
2013-10-27T164122.474Z 224.6
2013-10-27T164127.478Z 224.0
2013-10-27T164132.483Z 223.6
2013-10-27T164137.488Z 224.1
2013-10-27T164142.491Z 224.8
2013-10-27T164147.496Z 223.1
2013-10-27T164152.501Z 224.6
2013-10-27T164157.505Z 224.4
2013-10-27T164202.506Z 224.4
2013-10-27T164207.511Z 224.3
2013-10-27T164212.515Z 225.1
2013-10-27T164217.521Z 223.6
2013-10-27T164222.525Z 224.8
2013-10-27T164227.529Z 223.2
2013-10-27T164232.534Z 224.6
2013-10-27T164237.539Z 224.6
2013-10-27T164242.544Z 224.3
2013-10-27T164247.550Z 224.7
2013-10-27T164252.554Z 222.6
2013-10-27T164257.558Z 224.3
2013-10-27T164302.559Z 224.0
2013-10-27T164307.562Z 225.4
2013-10-27T164312.567Z 224.1
2013-10-27T164317.571Z 223.6
2013-10-27T164322.575Z 225.1
2013-10-27T164327.580Z 224.0
2013-10-27T164332.584Z 223.3
2013-10-27T164337.589Z 223.6
2013-10-27T164342.593Z 225.9
2013-10-27T164347.596Z 223.7
2013-10-27T164352.600Z 223.6
2013-10-27T164357.604Z 223.3
2013-10-27T164402.609Z 224.1
2013-10-27T164407.612Z 225.0
2013-10-27T164412.619Z 225.2
2013-10-27T164417.621Z 224.0
2013-10-27T164422.624Z 224.1
2013-10-27T164427.629Z 221.3
2013-10-27T164432.633Z 223.5
2013-10-27T164437.638Z 223.9
2013-10-27T164442.642Z 223.7
2013-10-27T164447.647Z 224.6
2013-10-27T164452.650Z 223.7
2013-10-27T164457.655Z 224.1
2013-10-27T164502.657Z 223.1
2013-10-27T164507.661Z 223.7
2013-10-27T164512.668Z 225.0
2013-10-27T164517.671Z 224.7
2013-10-27T164522.676Z 224.8
2013-10-27T164527.681Z 223.5
2013-10-27T164532.687Z 225.0
2013-10-27T164537.692Z 223.6
2013-10-27T164542.696Z 223.6
2013-10-27T164547.699Z 223.6
2013-10-27T164552.701Z 223.5
2013-10-27T164557.706Z 221.7
2013-10-27T164602.711Z 223.3
2013-10-27T164607.715Z 222.9
2013-10-27T164612.720Z 223.5
2013-10-27T164617.726Z 224.4
2013-10-27T164622.730Z 223.1
2013-10-27T164627.734Z 224.1
2013-10-27T164632.738Z 223.7
2013-10-27T164637.743Z 223.5
2013-10-27T164642.747Z 224.1
2013-10-27T164647.751Z 222.8
2013-10-27T164652.755Z 223.9
2013-10-27T164657.759Z 224.4
2013-10-27T164702.764Z 223.6
2013-10-27T164707.769Z 221.7
2013-10-27T164712.772Z 223.2
2013-10-27T164717.778Z 223.7
2013-10-27T164722.782Z 222.5
2013-10-27T164727.788Z 223.5
2013-10-27T164732.792Z 222.2
2013-10-27T164737.795Z 224.1
2013-10-27T164742.800Z 223.2
2013-10-27T164747.805Z 222.5
2013-10-27T164752.810Z 223.1
2013-10-27T164757.814Z 223.2
2013-10-27T164802.816Z 220.2
2013-10-27T164807.819Z 223.1
2013-10-27T164812.825Z 222.5
2013-10-27T164817.830Z 222.4
2013-10-27T164822.835Z 222.8
2013-10-27T164827.839Z 222.2
2013-10-27T164832.842Z 222.5
2013-10-27T164837.847Z 222.2
2013-10-27T164842.852Z 221.8
2013-10-27T164847.855Z 224.1
2013-10-27T164852.860Z 221.7
2013-10-27T164857.866Z 222.0
2013-10-27T164902.870Z 221.2
2013-10-27T164907.875Z 221.6
2013-10-27T164912.880Z 222.1
2013-10-27T164917.884Z 222.0
2013-10-27T164922.888Z 220.6
2013-10-27T164927.893Z 222.2
2013-10-27T164932.899Z 220.7
2013-10-27T164937.911Z 221.8
2013-10-27T164942.908Z 221.3
2013-10-27T164947.912Z 222.8
2013-10-27T164952.915Z 220.9
2013-10-27T164957.920Z 221.7
2013-10-27T165002.922Z 221.6
2013-10-27T165007.927Z 220.6
2013-10-27T165012.933Z 222.2
2013-10-27T165017.938Z 221.0
2013-10-27T165022.942Z 221.3
2013-10-27T165027.947Z 222.0
2013-10-27T165032.952Z 222.1
2013-10-27T165037.957Z 223.2
2013-10-27T165042.961Z 222.1
2013-10-27T165047.967Z 221.2
2013-10-27T165052.971Z 221.7
2013-10-27T165057.975Z 222.8
2013-10-27T165102.977Z 223.2
2013-10-27T165107.981Z 221.0
2013-10-27T165112.987Z 222.0
2013-10-27T165117.992Z 222.4
2013-10-27T165122.995Z 221.6
2013-10-27T165128.000Z 221.8
2013-10-27T165133.005Z 221.3
2013-10-27T165138.010Z 220.6
2013-10-27T165143.014Z 221.4
2013-10-27T165148.018Z 221.7
2013-10-27T165153.023Z 219.8
2013-10-27T165158.028Z 221.3
2013-10-27T165203.030Z 221.8
2013-10-27T165208.035Z 221.0
2013-10-27T165213.040Z 220.6
2013-10-27T165218.043Z 222.0
2013-10-27T165223.049Z 221.6
2013-10-27T165228.054Z 220.9
2013-10-27T165233.058Z 222.6
2013-10-27T165238.059Z 221.4
2013-10-27T165243.065Z 222.6
2013-10-27T165248.070Z 220.7
2013-10-27T165253.075Z 222.5
2013-10-27T165258.079Z 221.6
2013-10-27T165303.085Z 221.2
2013-10-27T165308.088Z 221.3
2013-10-27T165313.093Z 221.2
2013-10-27T165318.097Z 220.5
2013-10-27T165323.105Z 221.3
2013-10-27T165328.109Z 221.0
2013-10-27T165333.114Z 221.3
2013-10-27T165338.120Z 221.0
2013-10-27T165343.122Z 220.6
2013-10-27T165348.128Z 221.0
2013-10-27T165353.133Z 221.4
2013-10-27T165358.136Z 221.3
2013-10-27T165403.138Z 221.6
2013-10-27T165408.141Z 221.2
2013-10-27T165413.147Z 221.3
2013-10-27T165418.151Z 221.3
2013-10-27T165423.156Z 223.3
2013-10-27T165428.160Z 219.9
2013-10-27T165433.165Z 222.1
2013-10-27T165438.171Z 220.7
2013-10-27T165443.175Z 220.9
2013-10-27T165448.179Z 220.9
2013-10-27T165453.184Z 220.7
2013-10-27T165458.187Z 220.6
2013-10-27T165503.188Z 221.4
2013-10-27T165508.191Z 222.1
2013-10-27T165513.196Z 221.2
2013-10-27T165518.200Z 221.0
2013-10-27T165523.204Z 221.0
2013-10-27T165528.209Z 220.2
2013-10-27T165533.214Z 220.9
2013-10-27T165538.220Z 221.3
2013-10-27T165543.224Z 221.6
2013-10-27T165548.229Z 221.4
2013-10-27T165553.235Z 220.6
2013-10-27T165558.239Z 221.8
2013-10-27T165603.242Z 220.3
2013-10-27T165608.247Z 221.3
2013-10-27T165613.253Z 221.3
2013-10-27T165618.257Z 221.7
2013-10-27T165623.261Z 221.0
2013-10-27T165628.264Z 221.0
2013-10-27T165633.269Z 218.6
2013-10-27T165638.274Z 220.7
2013-10-27T165643.278Z 222.0
2013-10-27T165648.282Z 220.1
2013-10-27T165653.286Z 219.5
2013-10-27T165658.292Z 220.3
2013-10-27T165703.295Z 221.4
2013-10-27T165708.299Z 221.2
2013-10-27T165713.304Z 221.7
2013-10-27T165718.307Z 219.9
2013-10-27T165723.313Z 222.1
2013-10-27T165728.319Z 220.6
2013-10-27T165733.323Z 220.1
2013-10-27T165738.327Z 221.7
2013-10-27T165743.332Z 220.7
2013-10-27T165748.335Z 219.5
2013-10-27T165753.339Z 220.7
2013-10-27T165758.344Z 222.0
2013-10-27T165803.346Z 221.7
2013-10-27T165808.351Z 221.6
2013-10-27T165813.354Z 222.1
2013-10-27T165818.358Z 222.4
2013-10-27T165823.363Z 222.4
2013-10-27T165828.369Z 222.8
2013-10-27T165833.372Z 223.5
2013-10-27T165838.376Z 222.8
2013-10-27T165843.382Z 223.6
2013-10-27T165848.386Z 223.5
2013-10-27T165853.391Z 223.5
2013-10-27T165858.396Z 224.7
2013-10-27T165903.402Z 224.4
2013-10-27T165908.408Z 223.3
2013-10-27T165913.412Z 224.4
2013-10-27T165918.417Z 225.8
2013-10-27T165923.422Z 222.6
2013-10-27T165928.426Z 225.5
2013-10-27T165933.432Z 225.8
2013-10-27T165938.436Z 223.7
2013-10-27T165943.439Z 225.5
2013-10-27T165948.443Z 225.1
2013-10-27T165953.448Z 224.8
2013-10-27T165958.453Z 225.1
2013-10-27T170003.455Z 226.5
2013-10-27T170008.459Z 225.7
2013-10-27T170013.463Z 226.6
2013-10-27T170018.468Z 226.6
2013-10-27T170023.473Z 226.7
2013-10-27T170028.477Z 228.4
2013-10-27T170033.481Z 229.9
2013-10-27T170038.487Z 231.4
2013-10-27T170043.490Z 230.3
2013-10-27T170048.495Z 231.0
2013-10-27T170053.500Z 232.1
2013-10-27T170058.504Z 232.1
2013-10-27T170103.507Z 231.9
2013-10-27T170108.511Z 233.0
2013-10-27T170113.515Z 233.8
2013-10-27T170118.521Z 232.7
2013-10-27T170123.533Z 233.5
2013-10-27T170128.530Z 233.1
2013-10-27T170133.534Z 232.6
2013-10-27T170138.539Z 233.1
2013-10-27T170143.544Z 234.5
2013-10-27T170148.547Z 234.2
2013-10-27T170153.551Z 227.6
2013-10-27T170158.556Z 200.3
2013-10-27T170203.559Z 177.4
2013-10-27T170208.565Z 161.3
2013-10-27T170213.568Z 153.8
2013-10-27T170218.572Z 151.2
2013-10-27T170223.576Z 150.0
2013-10-27T170228.580Z 150.2
2013-10-27T170233.585Z 152.3
2013-10-27T170238.591Z 156.5
2013-10-27T170243.595Z 163.2
2013-10-27T170248.598Z 163.2
2013-10-27T170253.604Z 165.4
2013-10-27T170258.608Z 164.9
2013-10-27T170303.614Z 168.9
2013-10-27T170308.618Z 172.3
2013-10-27T170313.623Z 175.8
2013-10-27T170318.628Z 179.3
2013-10-27T170323.633Z 178.4
2013-10-27T170328.638Z 180.7
2013-10-27T170333.643Z 179.9
2013-10-27T170338.648Z 183.3
2013-10-27T170343.651Z 185.1
2013-10-27T170348.657Z 188.2
2013-10-27T170353.661Z 188.5
2013-10-27T170358.665Z 188.8
2013-10-27T170403.670Z 191.1
2013-10-27T170408.673Z 196.2
2013-10-27T170413.678Z 194.8
2013-10-27T170418.682Z 195.6
2013-10-27T170423.686Z 198.4
2013-10-27T170428.691Z 198.4
2013-10-27T170433.698Z 198.8
2013-10-27T170438.701Z 202.6
2013-10-27T170443.704Z 201.9
2013-10-27T170448.708Z 201.7
2013-10-27T170453.714Z 204.2
2013-10-27T170458.716Z 206.5
2013-10-27T170503.723Z 204.0
2013-10-27T170508.726Z 205.8
2013-10-27T170513.729Z 209.4
2013-10-27T170518.735Z 207.0
2013-10-27T170523.739Z 209.4
2013-10-27T170528.743Z 209.4
2013-10-27T170533.748Z 210.2
2013-10-27T170538.753Z 210.5
2013-10-27T170543.757Z 211.7
2013-10-27T170548.761Z 211.7
2013-10-27T170553.766Z 212.5
2013-10-27T170558.770Z 212.9
2013-10-27T170603.772Z 214.4
2013-10-27T170608.777Z 213.7
2013-10-27T170613.781Z 213.3
2013-10-27T170618.785Z 214.8
2013-10-27T170623.790Z 217.2
2013-10-27T170628.794Z 216.8
2013-10-27T170633.799Z 216.2
2013-10-27T170638.804Z 218.9
2013-10-27T170643.809Z 216.8
2013-10-27T170648.812Z 217.1
2013-10-27T170653.817Z 219.5
2013-10-27T170658.820Z 219.0
2013-10-27T170703.827Z 219.0
2013-10-27T170708.830Z 220.6
2013-10-27T170713.834Z 219.8
2013-10-27T170718.838Z 219.9
2013-10-27T170723.843Z 220.5
2013-10-27T170728.848Z 221.6
2013-10-27T170733.852Z 221.4
2013-10-27T170738.853Z 222.2
2013-10-27T170743.856Z 222.6
2013-10-27T170748.861Z 223.6
2013-10-27T170753.866Z 224.6
2013-10-27T170758.870Z 225.0
2013-10-27T170803.875Z 226.5
2013-10-27T170808.880Z 224.4
2013-10-27T170813.884Z 226.1
2013-10-27T170818.889Z 227.4
2013-10-27T170823.893Z 227.3
2013-10-27T170828.898Z 228.1
2013-10-27T170833.903Z 228.3
2013-10-27T170838.906Z 229.8
2013-10-27T170843.911Z 228.5
2013-10-27T170848.914Z 227.3
2013-10-27T170853.919Z 228.8
2013-10-27T170858.923Z 230.2
2013-10-27T170903.926Z 229.9
2013-10-27T170908.931Z 229.4
2013-10-27T170913.934Z 228.8
2013-10-27T170918.940Z 229.9
2013-10-27T170923.944Z 228.3
2013-10-27T170928.948Z 228.4
2013-10-27T170933.953Z 227.2
2013-10-27T170938.958Z 228.7
2013-10-27T170943.963Z 229.4
2013-10-27T170948.967Z 229.1
2013-10-27T170953.973Z 228.3
2013-10-27T170958.979Z 229.1
2013-10-27T171003.985Z 230.3
2013-10-27T171008.990Z 228.9
2013-10-27T171013.994Z 230.7
2013-10-27T171018.998Z 230.7
2013-10-27T171024.004Z 231.2
2013-10-27T171029.006Z 229.9
2013-10-27T171034.013Z 232.8
2013-10-27T171039.016Z 231.7
2013-10-27T171044.019Z 230.3
2013-10-27T171049.024Z 230.7
2013-10-27T171054.029Z 231.6
2013-10-27T171059.032Z 231.2
2013-10-27T171104.038Z 230.6
2013-10-27T171109.040Z 231.2
2013-10-27T171114.041Z 230.6
2013-10-27T171119.046Z 230.7
2013-10-27T171124.049Z 231.2
2013-10-27T171129.054Z 232.6
2013-10-27T171134.059Z 231.4
2013-10-27T171139.063Z 231.0
2013-10-27T171144.068Z 232.7
2013-10-27T171149.073Z 231.3
2013-10-27T171154.077Z 230.9
2013-10-27T171159.082Z 231.4
2013-10-27T171204.083Z 232.7
2013-10-27T171209.086Z 232.1
2013-10-27T171214.093Z 231.7
2013-10-27T171219.097Z 232.1
2013-10-27T171224.101Z 232.4
2013-10-27T171229.104Z 231.3
2013-10-27T171234.109Z 233.5
2013-10-27T171239.109Z 232.7
2013-10-27T171244.113Z 230.5
2013-10-27T171249.116Z 231.7
2013-10-27T171254.123Z 230.6
2013-10-27T171259.128Z 229.5
2013-10-27T171304.136Z 231.9
2013-10-27T171309.145Z 231.0
2013-10-27T171314.144Z 229.6
2013-10-27T171319.149Z 232.1
2013-10-27T171324.153Z 233.0
2013-10-27T171329.157Z 232.3
2013-10-27T171334.164Z 234.2
2013-10-27T171339.167Z 233.7
2013-10-27T171344.172Z 231.9
2013-10-27T171349.177Z 230.6
2013-10-27T171354.182Z 231.7
2013-10-27T171359.186Z 231.9
2013-10-27T171404.191Z 229.6
2013-10-27T171409.196Z 232.1
2013-10-27T171414.201Z 232.7
2013-10-27T171419.204Z 232.4
2013-10-27T171424.209Z 230.7
2013-10-27T171429.214Z 232.4
2013-10-27T171434.217Z 233.1
2013-10-27T171439.222Z 232.4
2013-10-27T171444.227Z 231.9
2013-10-27T171449.230Z 232.3
2013-10-27T171454.235Z 231.9
2013-10-27T171459.240Z 232.0
2013-10-27T171504.241Z 231.7
2013-10-27T171509.246Z 232.0
2013-10-27T171514.249Z 232.1
2013-10-27T171519.253Z 231.4
2013-10-27T171524.258Z 229.1
2013-10-27T171529.262Z 230.7
2013-10-27T171534.267Z 231.3
2013-10-27T171539.272Z 230.2
2013-10-27T171544.278Z 232.1
2013-10-27T171549.282Z 230.5
2013-10-27T171554.288Z 230.3
2013-10-27T171559.292Z 229.9
2013-10-27T171604.293Z 227.2
2013-10-27T171609.297Z 229.2
2013-10-27T171614.303Z 229.6
2013-10-27T171619.306Z 230.2
2013-10-27T171624.311Z 228.1
2013-10-27T171629.316Z 229.1
2013-10-27T171634.321Z 228.9
2013-10-27T171639.321Z 228.7
2013-10-27T171644.326Z 229.5
2013-10-27T171649.330Z 228.0
2013-10-27T171654.335Z 227.2
2013-10-27T171659.340Z 228.7
2013-10-27T171704.345Z 228.1
2013-10-27T171709.350Z 228.5
2013-10-27T171714.354Z 228.1
2013-10-27T171719.359Z 229.4
2013-10-27T171724.364Z 230.2
2013-10-27T171729.369Z 229.6
2013-10-27T171734.374Z 228.5
2013-10-27T171739.379Z 230.1
2013-10-27T171744.384Z 230.6
2013-10-27T171749.389Z 230.6
2013-10-27T171754.393Z 230.3
2013-10-27T171759.398Z 229.4
2013-10-27T171804.403Z 231.0
2013-10-27T171809.405Z 231.2
2013-10-27T171814.410Z 232.0
2013-10-27T171819.418Z 231.3
2013-10-27T171824.420Z 232.4
2013-10-27T171829.424Z 230.7
2013-10-27T171834.428Z 231.2
2013-10-27T171839.434Z 231.9
2013-10-27T171844.438Z 231.3
2013-10-27T171849.445Z 231.6
2013-10-27T171854.448Z 229.4
2013-10-27T171859.452Z 231.2
2013-10-27T171904.457Z 231.0
2013-10-27T171909.462Z 231.7
2013-10-27T171914.466Z 231.4
2013-10-27T171919.470Z 230.7
2013-10-27T171924.474Z 231.2
2013-10-27T171929.480Z 231.3
2013-10-27T171934.484Z 230.1
2013-10-27T171939.485Z 230.5
2013-10-27T171944.490Z 231.7
2013-10-27T171949.496Z 230.2
2013-10-27T171954.500Z 229.1
2013-10-27T171959.505Z 231.2
2013-10-27T172004.506Z 231.2
2013-10-27T172009.510Z 229.6
2013-10-27T172014.516Z 230.1
2013-10-27T172019.520Z 230.6
2013-10-27T172024.525Z 231.4
2013-10-27T172029.529Z 230.6
2013-10-27T172034.533Z 231.7
2013-10-27T172039.537Z 230.6
2013-10-27T172044.542Z 230.6
2013-10-27T172049.547Z 230.1
2013-10-27T172054.548Z 228.9
2013-10-27T172059.551Z 229.9
2013-10-27T172104.554Z 230.3
2013-10-27T172109.557Z 229.6
2013-10-27T172114.562Z 227.8
2013-10-27T172119.568Z 230.6
2013-10-27T172124.571Z 229.8
2013-10-27T172129.575Z 228.4
2013-10-27T172134.580Z 229.8
2013-10-27T172139.614Z 230.7
2013-10-27T172144.590Z 228.9
2013-10-27T172149.596Z 229.6
2013-10-27T172154.600Z 228.7
2013-10-27T172159.606Z 231.9
2013-10-27T172204.608Z 230.9
2013-10-27T172209.613Z 228.9
2013-10-27T172214.617Z 230.5
2013-10-27T172219.620Z 231.7
2013-10-27T172224.625Z 230.2
2013-10-27T172229.630Z 230.9
2013-10-27T172234.635Z 230.5
2013-10-27T172239.640Z 230.9
2013-10-27T172244.644Z 231.0
2013-10-27T172249.647Z 231.9
2013-10-27T172254.654Z 230.3
2013-10-27T172259.658Z 231.2
2013-10-27T172304.658Z 231.4
2013-10-27T172309.663Z 231.2
2013-10-27T172314.667Z 230.9
2013-10-27T172319.671Z 231.0
2013-10-27T172324.676Z 231.3
2013-10-27T172329.679Z 230.3
2013-10-27T172334.684Z 231.2
2013-10-27T172339.690Z 229.1
2013-10-27T172344.694Z 232.6
2013-10-27T172349.698Z 230.2
2013-10-27T172354.703Z 231.4
2013-10-27T172359.708Z 231.9
2013-10-27T172404.713Z 230.3
2013-10-27T172409.718Z 227.6
2013-10-27T172414.722Z 230.3
2013-10-27T172419.726Z 229.5
2013-10-27T172424.730Z 230.7
2013-10-27T172429.735Z 230.2
2013-10-27T172434.740Z 230.1
2013-10-27T172439.745Z 230.2
2013-10-27T172444.750Z 231.0
2013-10-27T172449.755Z 230.5
2013-10-27T172454.761Z 231.2
2013-10-27T172459.764Z 231.0
2013-10-27T172504.769Z 231.0
2013-10-27T172509.774Z 231.3
2013-10-27T172514.777Z 231.6
2013-10-27T172519.782Z 230.6
2013-10-27T172524.789Z 231.7
2013-10-27T172529.790Z 231.6
2013-10-27T172534.794Z 231.6
2013-10-27T172539.799Z 230.5
2013-10-27T172544.802Z 230.6
2013-10-27T172549.807Z 231.6
2013-10-27T172554.812Z 232.0
2013-10-27T172559.817Z 231.7
2013-10-27T172604.822Z 231.4
2013-10-27T172609.827Z 231.7
2013-10-27T172614.833Z 231.7
2013-10-27T172619.836Z 231.0
2013-10-27T172624.841Z 231.6
2013-10-27T172629.846Z 231.9
2013-10-27T172634.851Z 231.2
2013-10-27T172639.855Z 231.7
2013-10-27T172644.858Z 231.9
2013-10-27T172649.862Z 232.4
2013-10-27T172654.866Z 231.7
2013-10-27T172659.871Z 231.6
2013-10-27T172704.876Z 230.1
2013-10-27T172709.880Z 230.7
2013-10-27T172714.885Z 232.0
2013-10-27T172719.890Z 231.3
2013-10-27T172724.893Z 231.4
2013-10-27T172729.898Z 231.4
2013-10-27T172734.903Z 231.9
2013-10-27T172739.908Z 232.4
2013-10-27T172744.913Z 232.1
2013-10-27T172749.917Z 231.7
2013-10-27T172754.921Z 231.9
2013-10-27T172759.925Z 232.1
2013-10-27T172804.930Z 231.7
2013-10-27T172809.934Z 231.9
2013-10-27T172814.939Z 232.4
2013-10-27T172819.944Z 231.0
2013-10-27T172824.949Z 231.6
2013-10-27T172829.952Z 232.8
2013-10-27T172834.957Z 231.4
2013-10-27T172839.962Z 231.3
2013-10-27T172844.966Z 232.0
2013-10-27T172849.971Z 232.3
2013-10-27T172854.975Z 231.9
2013-10-27T172859.981Z 232.0
2013-10-27T172904.982Z 231.9
2013-10-27T172909.986Z 233.2
2013-10-27T172914.991Z 232.3
2013-10-27T172919.995Z 232.1
2013-10-27T172925.000Z 230.9
2013-10-27T172930.006Z 233.2
2013-10-27T172935.010Z 233.1
2013-10-27T172940.015Z 232.7
2013-10-27T172945.020Z 229.6
2013-10-27T172950.022Z 208.6
2013-10-27T172955.026Z 184.3
2013-10-27T173000.032Z 173.6
2013-10-27T173005.035Z 167.1
2013-10-27T173010.041Z 166.3
2013-10-27T173015.046Z 167.6
2013-10-27T173020.050Z 172.3
2013-10-27T173025.054Z 174.2
2013-10-27T173030.060Z 174.8
2013-10-27T173035.066Z 178.4
2013-10-27T173040.066Z 180.6
2013-10-27T173045.071Z 182.6
2013-10-27T173050.074Z 184.4
2013-10-27T173055.079Z 186.1
2013-10-27T173100.084Z 188.2
2013-10-27T173105.087Z 192.1
2013-10-27T173110.093Z 193.7
2013-10-27T173115.098Z 192.8
2013-10-27T173120.102Z 194.8
2013-10-27T173125.105Z 197.8
2013-10-27T173130.111Z 198.9
2013-10-27T173135.114Z 197.8
2013-10-27T173140.118Z 200.9
2013-10-27T173145.123Z 203.8
2013-10-27T173150.128Z 204.0
2013-10-27T173155.133Z 204.3
2013-10-27T173200.139Z 207.7
2013-10-27T173205.145Z 205.7
2013-10-27T173210.148Z 207.9
2013-10-27T173215.152Z 208.8
2013-10-27T173220.156Z 212.4
2013-10-27T173225.160Z 212.4
2013-10-27T173230.165Z 212.4
2013-10-27T173235.170Z 214.7
2013-10-27T173240.175Z 215.7
2013-10-27T173245.178Z 217.1
2013-10-27T173250.184Z 217.2
2013-10-27T173255.188Z 219.1
2013-10-27T173300.193Z 219.4
2013-10-27T173305.198Z 221.4
2013-10-27T173310.203Z 221.2
2013-10-27T173315.207Z 222.6
2013-10-27T173320.213Z 223.2
2013-10-27T173325.216Z 225.7
2013-10-27T173330.221Z 225.1
2013-10-27T173335.224Z 225.1
2013-10-27T173340.229Z 226.7
2013-10-27T173345.233Z 226.2
2013-10-27T173350.237Z 226.2
2013-10-27T173355.242Z 227.2
2013-10-27T173400.247Z 229.1
2013-10-27T173405.251Z 229.9
2013-10-27T173410.257Z 229.1
2013-10-27T173415.260Z 229.9
2013-10-27T173420.264Z 230.9
2013-10-27T173425.268Z 231.2
2013-10-27T173430.272Z 231.2
2013-10-27T173435.276Z 232.1
2013-10-27T173440.280Z 233.1
2013-10-27T173445.286Z 233.7
2013-10-27T173450.290Z 233.9
2013-10-27T173455.294Z 233.9
2013-10-27T173500.296Z 234.6
2013-10-27T173505.300Z 233.4
2013-10-27T173510.305Z 234.6
2013-10-27T173515.310Z 233.1
2013-10-27T173520.312Z 234.6
2013-10-27T173525.317Z 233.1
2013-10-27T173530.321Z 234.2
2013-10-27T173535.326Z 233.7
2013-10-27T173540.331Z 235.3
2013-10-27T173545.336Z 233.0
2013-10-27T173550.342Z 234.1
2013-10-27T173555.346Z 235.3
2013-10-27T173600.347Z 233.9
2013-10-27T173605.351Z 234.2
2013-10-27T173610.355Z 234.2
2013-10-27T173615.360Z 235.1
2013-10-27T173620.366Z 233.9
2013-10-27T173625.370Z 233.8
2013-10-27T173630.373Z 234.6
2013-10-27T173635.379Z 235.8
2013-10-27T173640.382Z 235.1
2013-10-27T173645.386Z 235.8
2013-10-27T173650.390Z 235.8
2013-10-27T173655.395Z 235.8
2013-10-27T173700.400Z 235.6
2013-10-27T173705.404Z 235.1
2013-10-27T173710.409Z 234.6
2013-10-27T173715.415Z 235.9
2013-10-27T173720.419Z 233.7
2013-10-27T173725.422Z 234.5
2013-10-27T173730.425Z 235.1
2013-10-27T173735.429Z 234.2
2013-10-27T173740.433Z 233.9
2013-10-27T173745.438Z 234.4
2013-10-27T173750.442Z 234.4
2013-10-27T173755.445Z 232.6
2013-10-27T173800.449Z 234.2
2013-10-27T173805.453Z 234.2
2013-10-27T173810.458Z 233.0
2013-10-27T173815.462Z 234.5
2013-10-27T173820.466Z 235.2
2013-10-27T173825.470Z 234.5
2013-10-27T173830.473Z 233.5
2013-10-27T173835.477Z 234.6
2013-10-27T173840.483Z 233.8
2013-10-27T173845.486Z 232.3
2013-10-27T173850.491Z 234.9
2013-10-27T173855.496Z 236.1
2013-10-27T173900.501Z 234.2
2013-10-27T173905.506Z 233.9
2013-10-27T173910.511Z 233.7
2013-10-27T173915.515Z 233.8
2013-10-27T173920.520Z 234.4
2013-10-27T173925.525Z 233.7
2013-10-27T173930.530Z 233.7
2013-10-27T173935.534Z 233.5
2013-10-27T173940.538Z 233.5
2013-10-27T173945.542Z 232.4
2013-10-27T173950.545Z 233.1
2013-10-27T173955.549Z 233.0
2013-10-27T174000.550Z 233.5
2013-10-27T174005.554Z 233.8
2013-10-27T174010.558Z 234.2
2013-10-27T174015.562Z 233.0
2013-10-27T174020.567Z 232.3
2013-10-27T174025.571Z 234.8
2013-10-27T174030.576Z 233.1
2013-10-27T174035.580Z 232.6
2013-10-27T174040.586Z 233.0
2013-10-27T174045.589Z 232.7
2013-10-27T174050.593Z 232.8
2013-10-27T174055.596Z 233.7
2013-10-27T174100.599Z 232.7
2013-10-27T174105.604Z 234.6
2013-10-27T174110.609Z 233.8
2013-10-27T174115.612Z 232.1
2013-10-27T174120.618Z 234.1
2013-10-27T174125.621Z 235.2
2013-10-27T174130.624Z 234.5
2013-10-27T174135.629Z 233.2
2013-10-27T174140.634Z 233.1
2013-10-27T174145.638Z 234.6
2013-10-27T174150.642Z 232.6
2013-10-27T174155.647Z 234.2
2013-10-27T174200.652Z 233.1
2013-10-27T174205.656Z 233.8
2013-10-27T174210.661Z 233.5
2013-10-27T174215.667Z 233.9
2013-10-27T174220.670Z 233.5
2013-10-27T174225.675Z 233.8
2013-10-27T174230.679Z 234.2
2013-10-27T174235.682Z 234.2
2013-10-27T174240.687Z 234.1
2013-10-27T174245.692Z 233.9
2013-10-27T174250.697Z 233.7
2013-10-27T174255.700Z 235.3
2013-10-27T174300.705Z 233.7
2013-10-27T174305.710Z 233.9
2013-10-27T174310.714Z 234.8
2013-10-27T174315.715Z 234.6
2013-10-27T174320.721Z 233.5
2013-10-27T174325.725Z 232.0
2013-10-27T174330.730Z 233.9
2013-10-27T174335.734Z 233.7
2013-10-27T174340.738Z 233.8
2013-10-27T174345.743Z 234.1
2013-10-27T174350.748Z 233.9
2013-10-27T174355.753Z 233.5
2013-10-27T174400.754Z 232.3
2013-10-27T174405.758Z 233.4
2013-10-27T174410.763Z 235.1
2013-10-27T174415.767Z 233.2
2013-10-27T174420.773Z 233.0
2013-10-27T174425.775Z 233.7
2013-10-27T174430.779Z 233.5
2013-10-27T174435.784Z 232.8
2013-10-27T174440.789Z 233.5
2013-10-27T174445.793Z 233.1
2013-10-27T174450.797Z 233.9
2013-10-27T174455.801Z 233.2
2013-10-27T174500.806Z 233.2
2013-10-27T174505.809Z 233.7
2013-10-27T174510.814Z 234.6
2013-10-27T174515.818Z 234.1
2013-10-27T174520.823Z 233.8
2013-10-27T174525.828Z 232.6
2013-10-27T174530.833Z 233.7
2013-10-27T174535.836Z 232.8
2013-10-27T174540.840Z 231.6
2013-10-27T174545.846Z 233.5
2013-10-27T174550.849Z 233.1
2013-10-27T174555.855Z 233.4
2013-10-27T174600.859Z 235.1
2013-10-27T174605.864Z 233.9
2013-10-27T174610.868Z 234.8
2013-10-27T174615.874Z 234.2
2013-10-27T174620.877Z 233.1
2013-10-27T174625.882Z 233.5
2013-10-27T174630.886Z 234.2
2013-10-27T174635.891Z 233.7
2013-10-27T174640.897Z 232.4
2013-10-27T174645.901Z 234.1
2013-10-27T174650.905Z 233.1
2013-10-27T174655.909Z 233.5
2013-10-27T174700.914Z 232.1
2013-10-27T174705.919Z 233.8
2013-10-27T174710.923Z 233.2
2013-10-27T174715.927Z 233.4
2013-10-27T174720.932Z 234.1
2013-10-27T174725.937Z 234.1
2013-10-27T174730.942Z 233.4
2013-10-27T174735.947Z 233.2
2013-10-27T174740.952Z 232.1
2013-10-27T174745.957Z 233.1
2013-10-27T174750.960Z 234.2
2013-10-27T174755.966Z 234.1
2013-10-27T174800.968Z 235.2
2013-10-27T174805.972Z 233.7
2013-10-27T174810.976Z 231.9
2013-10-27T174815.981Z 231.7
2013-10-27T174820.987Z 234.6
2013-10-27T174825.992Z 233.5
2013-10-27T174830.997Z 233.4
2013-10-27T174836.001Z 233.2
2013-10-27T174841.005Z 233.1
2013-10-27T174846.010Z 233.4
2013-10-27T174851.014Z 233.1
2013-10-27T174856.018Z 233.7
2013-10-27T174901.023Z 233.7
2013-10-27T174906.027Z 232.1
2013-10-27T174911.031Z 232.8
2013-10-27T174916.036Z 233.2
2013-10-27T174921.040Z 234.5
2013-10-27T174926.043Z 233.0
2013-10-27T174931.049Z 233.1
2013-10-27T174936.053Z 231.4
2013-10-27T174941.059Z 233.4
2013-10-27T174946.063Z 233.5
2013-10-27T174951.069Z 235.2
2013-10-27T174956.073Z 233.8
2013-10-27T175001.079Z 233.5
2013-10-27T175006.083Z 233.1
2013-10-27T175011.087Z 233.8
2013-10-27T175016.091Z 234.2
2013-10-27T175021.096Z 232.0
2013-10-27T175026.101Z 234.8
2013-10-27T175031.105Z 234.6
2013-10-27T175036.109Z 232.6
2013-10-27T175041.115Z 233.7
2013-10-27T175046.121Z 232.1
2013-10-27T175051.124Z 235.2
2013-10-27T175056.130Z 233.2
2013-10-27T175101.132Z 234.5
2013-10-27T175106.137Z 233.2
2013-10-27T175111.142Z 234.4
2013-10-27T175116.147Z 234.8
2013-10-27T175121.149Z 233.7
2013-10-27T175126.154Z 232.0
2013-10-27T175131.159Z 233.2
2013-10-27T175136.165Z 234.6
2013-10-27T175141.168Z 232.7
2013-10-27T175146.172Z 232.3
2013-10-27T175151.176Z 233.1
2013-10-27T175156.181Z 233.1
2013-10-27T175201.187Z 232.3
2013-10-27T175206.192Z 233.1
2013-10-27T175211.196Z 231.2
2013-10-27T175216.201Z 234.1
2013-10-27T175221.205Z 233.2
2013-10-27T175226.210Z 233.4
2013-10-27T175231.215Z 233.4
2013-10-27T175236.220Z 233.4
2013-10-27T175241.226Z 233.0
2013-10-27T175246.229Z 232.6
2013-10-27T175251.233Z 232.1
2013-10-27T175256.239Z 233.0
2013-10-27T175301.239Z 233.1
2013-10-27T175306.245Z 233.4
2013-10-27T175311.248Z 233.0
2013-10-27T175316.252Z 233.9
2013-10-27T175321.257Z 234.2
2013-10-27T175326.261Z 233.7
2013-10-27T175331.265Z 232.6
2013-10-27T175336.270Z 233.7
2013-10-27T175341.275Z 234.1
2013-10-27T175346.279Z 232.6
2013-10-27T175351.284Z 234.1
2013-10-27T175356.287Z 233.1
2013-10-27T175401.292Z 234.1
2013-10-27T175406.298Z 233.9
2013-10-27T175411.304Z 233.9
2013-10-27T175416.309Z 233.7
2013-10-27T175421.312Z 233.0
2013-10-27T175426.318Z 233.9
2013-10-27T175431.323Z 234.8
2013-10-27T175436.327Z 233.7
2013-10-27T175441.329Z 233.1
2013-10-27T175446.335Z 233.8
2013-10-27T175451.339Z 233.8
2013-10-27T175456.344Z 233.7
2013-10-27T175501.345Z 233.1
2013-10-27T175506.350Z 232.8
2013-10-27T175511.354Z 233.2
2013-10-27T175516.358Z 234.2
2013-10-27T175521.362Z 234.5
2013-10-27T175526.367Z 233.2
2013-10-27T175531.372Z 233.2
2013-10-27T175536.375Z 235.2
2013-10-27T175541.381Z 234.4
2013-10-27T175546.386Z 233.8
2013-10-27T175551.391Z 233.0
2013-10-27T175556.395Z 233.4
2013-10-27T175601.396Z 233.5
2013-10-27T175606.403Z 234.2
2013-10-27T175611.405Z 233.7
2013-10-27T175616.409Z 234.1
2013-10-27T175621.413Z 234.6
2013-10-27T175626.417Z 233.2
2013-10-27T175631.423Z 234.8
2013-10-27T175636.426Z 233.1
2013-10-27T175641.430Z 233.1
2013-10-27T175646.436Z 233.0
2013-10-27T175651.439Z 233.0
2013-10-27T175656.443Z 233.7
2013-10-27T175701.448Z 233.7
2013-10-27T175706.453Z 233.4
2013-10-27T175711.458Z 235.3
2013-10-27T175716.462Z 234.1
2013-10-27T175721.465Z 234.2
2013-10-27T175726.470Z 233.7
2013-10-27T175731.475Z 233.9
2013-10-27T175736.481Z 233.8
2013-10-27T175741.485Z 234.1
2013-10-27T175746.490Z 234.1
2013-10-27T175751.495Z 234.4
2013-10-27T175756.501Z 229.2
2013-10-27T175801.505Z 222.1
2013-10-27T175806.512Z 216.3
2013-10-27T175811.515Z 208.2
2013-10-27T175816.520Z 200.1
2013-10-27T175821.524Z 194.3
2013-10-27T175826.529Z 189.3
2013-10-27T175831.534Z 187.6
2013-10-27T175836.539Z 186.0
2013-10-27T175841.542Z 186.2
2013-10-27T175846.547Z 185.5
2013-10-27T175851.551Z 188.1
2013-10-27T175856.557Z 188.9
2013-10-27T175901.558Z 190.4
2013-10-27T175906.563Z 190.6
2013-10-27T175911.569Z 191.0
2013-10-27T175916.572Z 192.2
2013-10-27T175921.575Z 194.0
2013-10-27T175926.581Z 194.7
2013-10-27T175931.586Z 194.1
2013-10-27T175936.592Z 198.1
2013-10-27T175941.594Z 197.7
2013-10-27T175946.598Z 198.8
2013-10-27T175951.602Z 199.4
2013-10-27T175956.608Z 200.1
2013-10-27T180001.610Z 201.5
2013-10-27T180006.616Z 202.0
2013-10-27T180011.619Z 204.7
2013-10-27T180016.624Z 205.7
2013-10-27T180021.628Z 203.6
2013-10-27T180026.634Z 205.7
2013-10-27T180031.639Z 205.8
2013-10-27T180036.645Z 206.2
2013-10-27T180041.650Z 207.8
2013-10-27T180046.654Z 208.1
2013-10-27T180051.658Z 208.8
2013-10-27T180056.663Z 209.7
2013-10-27T180101.667Z 211.4
2013-10-27T180106.673Z 211.6
2013-10-27T180111.678Z 210.5
2013-10-27T180116.682Z 212.4
2013-10-27T180121.686Z 213.3
2013-10-27T180126.691Z 213.1
2013-10-27T180131.695Z 212.1
2013-10-27T180136.701Z 214.4
2013-10-27T180141.704Z 214.7
2013-10-27T180146.708Z 214.9
2013-10-27T180151.712Z 213.2
2013-10-27T180156.724Z 216.6
2013-10-27T180201.723Z 217.9
2013-10-27T180206.729Z 218.0
2013-10-27T180211.733Z 219.1
2013-10-27T180216.738Z 219.1
2013-10-27T180221.742Z 218.4
2013-10-27T180226.746Z 217.2
2013-10-27T180231.751Z 212.1
2013-10-27T180236.756Z 208.1
2013-10-27T180241.759Z 204.7
2013-10-27T180246.759Z 203.6
2013-10-27T180251.763Z 202.3
2013-10-27T180256.768Z 203.4
2013-10-27T180301.773Z 203.2
2013-10-27T180306.776Z 204.0
2013-10-27T180311.782Z 205.3
2013-10-27T180316.787Z 204.6
2013-10-27T180321.791Z 205.3
2013-10-27T180326.796Z 206.5
2013-10-27T180331.801Z 208.1
2013-10-27T180336.805Z 207.8
2013-10-27T180341.809Z 206.9
2013-10-27T180346.813Z 209.0
2013-10-27T180351.818Z 209.0
2013-10-27T180356.823Z 209.4
2013-10-27T180401.823Z 210.0
2013-10-27T180406.827Z 209.2
2013-10-27T180411.832Z 210.5
2013-10-27T180416.838Z 211.2
2013-10-27T180421.841Z 211.7
2013-10-27T180426.846Z 213.1
2013-10-27T180431.850Z 213.2
2013-10-27T180436.854Z 212.9
2013-10-27T180441.858Z 211.8
2013-10-27T180446.863Z 213.5
2013-10-27T180451.865Z 214.8
2013-10-27T180456.870Z 212.4
2013-10-27T180501.875Z 214.9
2013-10-27T180506.880Z 214.9
2013-10-27T180511.885Z 215.5
2013-10-27T180516.890Z 215.3
2013-10-27T180521.894Z 215.3
2013-10-27T180526.899Z 216.4
2013-10-27T180531.904Z 216.0
2013-10-27T180536.909Z 216.8
2013-10-27T180541.915Z 216.7
2013-10-27T180546.919Z 215.7
2013-10-27T180551.923Z 217.1
2013-10-27T180556.926Z 217.9
2013-10-27T180601.927Z 219.1
2013-10-27T180606.930Z 218.3
2013-10-27T180611.935Z 218.6
2013-10-27T180616.942Z 219.3
2013-10-27T180621.943Z 219.4
2013-10-27T180626.948Z 220.5
2013-10-27T180631.953Z 220.7
2013-10-27T180636.955Z 220.6
2013-10-27T180641.960Z 220.6
2013-10-27T180646.965Z 222.1
2013-10-27T180651.967Z 221.2
2013-10-27T180656.973Z 220.7
2013-10-27T180701.978Z 222.0
2013-10-27T180706.983Z 221.7
2013-10-27T180711.987Z 221.6
2013-10-27T180716.992Z 222.2
2013-10-27T180721.995Z 222.4
2013-10-27T180727.000Z 222.8
2013-10-27T180732.005Z 221.4
2013-10-27T180737.009Z 222.9
2013-10-27T180742.012Z 224.1
2013-10-27T180747.017Z 223.3
2013-10-27T180752.020Z 222.8
2013-10-27T180757.025Z 225.1
2013-10-27T180802.027Z 224.4
2013-10-27T180807.030Z 223.9
2013-10-27T180812.036Z 223.9
2013-10-27T180817.041Z 224.6
2013-10-27T180822.043Z 226.7
2013-10-27T180827.048Z 225.9
2013-10-27T180832.052Z 223.9
2013-10-27T180837.056Z 225.0
2013-10-27T180842.061Z 225.0
2013-10-27T180847.067Z 225.7
2013-10-27T180852.072Z 224.3
2013-10-27T180857.075Z 225.7
2013-10-27T180902.080Z 226.9
2013-10-27T180907.085Z 226.6
2013-10-27T180912.091Z 225.7
2013-10-27T180917.097Z 226.5
2013-10-27T180922.101Z 227.0
2013-10-27T180927.106Z 226.6
2013-10-27T180932.110Z 225.9
2013-10-27T180937.115Z 227.2
2013-10-27T180942.120Z 227.2
2013-10-27T180947.123Z 227.2
2013-10-27T180952.128Z 227.7
2013-10-27T180957.134Z 227.4
2013-10-27T181002.140Z 225.9
2013-10-27T181007.143Z 225.2
2013-10-27T181012.148Z 227.3
2013-10-27T181017.151Z 226.9
2013-10-27T181022.155Z 226.6
2013-10-27T181027.160Z 226.9
2013-10-27T181032.163Z 226.9
2013-10-27T181037.167Z 227.0
2013-10-27T181042.172Z 227.3
2013-10-27T181047.177Z 226.2
2013-10-27T181052.183Z 228.3
2013-10-27T181057.186Z 227.3
2013-10-27T181102.191Z 225.0
2013-10-27T181107.193Z 226.6
2013-10-27T181112.198Z 228.1
2013-10-27T181117.203Z 227.7
2013-10-27T181122.208Z 226.7
2013-10-27T181127.213Z 228.7
2013-10-27T181132.218Z 227.7
2013-10-27T181137.223Z 227.6
2013-10-27T181142.227Z 228.0
2013-10-27T181147.232Z 228.7
2013-10-27T181152.234Z 228.7
2013-10-27T181157.239Z 227.2
2013-10-27T181202.242Z 227.8
2013-10-27T181207.247Z 228.5
2013-10-27T181212.252Z 227.6
2013-10-27T181217.257Z 228.9
2013-10-27T181222.260Z 228.5
2013-10-27T181227.266Z 228.7
2013-10-27T181232.270Z 228.9
2013-10-27T181237.276Z 230.1
2013-10-27T181242.280Z 228.8
2013-10-27T181247.285Z 228.3
2013-10-27T181252.290Z 228.7
2013-10-27T181257.295Z 227.8
2013-10-27T181302.300Z 228.5
2013-10-27T181307.305Z 228.9
2013-10-27T181312.309Z 228.5
2013-10-27T181317.314Z 229.1
2013-10-27T181322.318Z 228.7
2013-10-27T181327.325Z 230.1
2013-10-27T181332.329Z 229.8
2013-10-27T181337.334Z 228.1
2013-10-27T181342.338Z 228.7
2013-10-27T181347.342Z 228.5
2013-10-27T181352.345Z 228.7
2013-10-27T181357.352Z 228.4
2013-10-27T181402.353Z 228.1
2013-10-27T181407.364Z 229.1
2013-10-27T181412.362Z 227.6
2013-10-27T181417.368Z 228.4
2013-10-27T181422.371Z 228.8
2013-10-27T181427.376Z 228.8
2013-10-27T181432.381Z 228.3
2013-10-27T181437.386Z 227.6
2013-10-27T181442.390Z 229.2
2013-10-27T181447.395Z 229.8
2013-10-27T181452.399Z 228.9
2013-10-27T181457.404Z 228.9
2013-10-27T181502.406Z 228.9
2013-10-27T181507.412Z 228.8
2013-10-27T181512.416Z 227.4
2013-10-27T181517.421Z 228.4
2013-10-27T181522.425Z 227.7
2013-10-27T181527.430Z 228.1
2013-10-27T181532.436Z 228.8
2013-10-27T181537.440Z 227.4
2013-10-27T181542.444Z 226.5
2013-10-27T181547.449Z 228.9
2013-10-27T181552.453Z 227.7
2013-10-27T181557.458Z 228.0
2013-10-27T181602.465Z 228.9
2013-10-27T181607.468Z 229.1
2013-10-27T181612.473Z 229.1
2013-10-27T181617.477Z 227.8
2013-10-27T181622.481Z 230.1
2013-10-27T181627.487Z 229.2
2013-10-27T181632.490Z 230.3
2013-10-27T181637.496Z 229.8
2013-10-27T181642.500Z 229.9
2013-10-27T181647.505Z 230.1
2013-10-27T181652.509Z 229.6
2013-10-27T181657.514Z 230.3
2013-10-27T181702.517Z 229.1
2013-10-27T181707.524Z 229.6
2013-10-27T181712.527Z 229.6
2013-10-27T181717.529Z 229.8
2013-10-27T181722.532Z 229.6
2013-10-27T181727.537Z 229.2
2013-10-27T181732.543Z 228.7
2013-10-27T181737.547Z 229.6
2013-10-27T181742.551Z 229.8
2013-10-27T181747.556Z 229.6
2013-10-27T181752.559Z 229.4
2013-10-27T181757.564Z 231.0
2013-10-27T181802.570Z 230.3
2013-10-27T181807.574Z 231.4
2013-10-27T181812.577Z 228.8
2013-10-27T181817.583Z 229.9
2013-10-27T181822.586Z 229.4
2013-10-27T181827.591Z 230.7
2013-10-27T181832.596Z 228.5
2013-10-27T181837.601Z 228.3
2013-10-27T181842.606Z 228.7
2013-10-27T181847.611Z 227.4
2013-10-27T181852.616Z 230.5
2013-10-27T181857.620Z 229.8
2013-10-27T181902.626Z 228.9
2013-10-27T181907.631Z 228.0
2013-10-27T181912.635Z 229.1
2013-10-27T181917.640Z 228.7
2013-10-27T181922.644Z 228.7
2013-10-27T181927.650Z 226.5
2013-10-27T181932.654Z 228.9
2013-10-27T181937.659Z 228.1
2013-10-27T181942.663Z 228.4
2013-10-27T181947.668Z 227.0
2013-10-27T181952.672Z 228.5
2013-10-27T181957.677Z 228.0
2013-10-27T182002.683Z 229.1
2013-10-27T182007.688Z 229.1
2013-10-27T182012.690Z 228.5
2013-10-27T182017.696Z 226.9
2013-10-27T182022.700Z 228.3
2013-10-27T182027.704Z 228.4
2013-10-27T182032.709Z 226.2
2013-10-27T182037.714Z 226.5
2013-10-27T182042.717Z 228.0
2013-10-27T182047.722Z 226.3
2013-10-27T182052.726Z 226.6
2013-10-27T182057.729Z 228.7
2013-10-27T182102.732Z 225.7
2013-10-27T182107.736Z 226.1
2013-10-27T182112.740Z 225.8
2013-10-27T182117.745Z 227.8
2013-10-27T182122.749Z 226.6
2013-10-27T182127.753Z 226.6
2013-10-27T182132.760Z 226.7
2013-10-27T182137.764Z 226.9
2013-10-27T182142.767Z 226.6
2013-10-27T182147.772Z 226.3
2013-10-27T182152.775Z 226.1
2013-10-27T182157.779Z 225.9
2013-10-27T182202.784Z 226.3
2013-10-27T182207.788Z 225.9
2013-10-27T182212.791Z 226.1
2013-10-27T182217.796Z 226.7
2013-10-27T182222.800Z 225.7
2013-10-27T182227.805Z 225.7
2013-10-27T182232.810Z 226.2
2013-10-27T182237.815Z 225.5
2013-10-27T182242.818Z 225.1
2013-10-27T182247.822Z 226.1
2013-10-27T182252.825Z 225.7
2013-10-27T182257.830Z 226.1
2013-10-27T182302.831Z 226.5
2013-10-27T182307.835Z 226.5
2013-10-27T182312.840Z 225.7
2013-10-27T182317.845Z 225.5
2013-10-27T182322.848Z 225.5
2013-10-27T182327.854Z 225.1
2013-10-27T182332.857Z 225.7
2013-10-27T182337.862Z 224.8
2013-10-27T182342.866Z 225.2
2013-10-27T182347.871Z 225.7
2013-10-27T182352.874Z 225.5
2013-10-27T182357.878Z 225.8
2013-10-27T182402.883Z 226.9
2013-10-27T182407.889Z 225.8
2013-10-27T182412.893Z 225.0
2013-10-27T182417.898Z 226.2
2013-10-27T182422.902Z 226.1
2013-10-27T182427.907Z 227.2
2013-10-27T182432.912Z 225.8
2013-10-27T182437.918Z 225.1
2013-10-27T182442.922Z 225.7
2013-10-27T182447.926Z 225.9
2013-10-27T182452.930Z 226.5
2013-10-27T182457.936Z 226.5
2013-10-27T182502.936Z 225.2
2013-10-27T182507.941Z 224.7
2013-10-27T182512.944Z 226.1
2013-10-27T182517.949Z 225.1
2013-10-27T182522.953Z 225.1
2013-10-27T182527.957Z 227.2
2013-10-27T182532.962Z 225.5
2013-10-27T182537.967Z 224.3
2013-10-27T182542.971Z 225.1
2013-10-27T182547.976Z 226.6
2013-10-27T182552.981Z 225.5
2013-10-27T182557.986Z 225.9
2013-10-27T182602.987Z 225.8
2013-10-27T182607.994Z 224.7
2013-10-27T182612.995Z 225.8
2013-10-27T182618.000Z 225.8
2013-10-27T182623.004Z 226.7
2013-10-27T182628.010Z 225.7
2013-10-27T182633.013Z 223.6
2013-10-27T182638.018Z 226.1
2013-10-27T182643.020Z 226.6
2013-10-27T182648.025Z 225.4
2013-10-27T182653.030Z 225.9
2013-10-27T182658.036Z 227.3
2013-10-27T182703.036Z 226.1
2013-10-27T182708.041Z 226.3
2013-10-27T182713.046Z 225.7
2013-10-27T182718.051Z 225.7
2013-10-27T182723.055Z 226.3
2013-10-27T182728.060Z 226.5
2013-10-27T182733.065Z 225.5
2013-10-27T182738.071Z 225.2
2013-10-27T182743.076Z 224.4
2013-10-27T182748.080Z 225.7
2013-10-27T182753.085Z 225.9
2013-10-27T182758.091Z 225.8
2013-10-27T182803.096Z 225.7
2013-10-27T182808.100Z 225.7
2013-10-27T182813.106Z 226.1
2013-10-27T182818.110Z 226.2
2013-10-27T182823.113Z 225.0
2013-10-27T182828.119Z 227.2
2013-10-27T182833.123Z 225.4
2013-10-27T182838.128Z 225.8
2013-10-27T182843.133Z 225.9
2013-10-27T182848.136Z 225.8
2013-10-27T182853.139Z 225.8
2013-10-27T182858.145Z 225.1
2013-10-27T182903.146Z 225.1
2013-10-27T182908.150Z 225.8
2013-10-27T182913.155Z 226.6
2013-10-27T182918.160Z 225.5
2013-10-27T182923.163Z 225.1
2013-10-27T182928.168Z 225.8
2013-10-27T182933.173Z 225.8
2013-10-27T182938.178Z 225.1
2013-10-27T182943.184Z 224.7
2013-10-27T182948.189Z 225.8
2013-10-27T182953.192Z 225.4
2013-10-27T182958.197Z 225.7
2013-10-27T183003.206Z 226.1
2013-10-27T183008.207Z 225.5
2013-10-27T183013.211Z 226.6
2013-10-27T183018.216Z 225.8
2013-10-27T183023.221Z 227.3
2013-10-27T183028.226Z 225.5
2013-10-27T183033.230Z 227.2
2013-10-27T183038.235Z 224.7
2013-10-27T183043.239Z 225.7
2013-10-27T183048.242Z 225.9
2013-10-27T183053.247Z 225.7
2013-10-27T183058.252Z 226.2
2013-10-27T183103.254Z 226.6
2013-10-27T183108.259Z 225.8
2013-10-27T183113.264Z 225.9
2013-10-27T183118.269Z 225.7
2013-10-27T183123.274Z 224.8
2013-10-27T183128.279Z 227.2
2013-10-27T183133.284Z 224.0
2013-10-27T183138.290Z 226.2
2013-10-27T183143.295Z 226.3
2013-10-27T183148.300Z 226.6
2013-10-27T183153.305Z 226.5
2013-10-27T183158.309Z 225.1
2013-10-27T183203.311Z 226.2
2013-10-27T183208.315Z 228.1
2013-10-27T183213.319Z 225.8
2013-10-27T183218.324Z 225.4
2013-10-27T183223.329Z 225.1
2013-10-27T183228.333Z 226.5
2013-10-27T183233.337Z 226.1
2013-10-27T183238.343Z 225.9
2013-10-27T183243.345Z 226.2
2013-10-27T183248.350Z 226.6
2013-10-27T183253.354Z 225.8
2013-10-27T183258.359Z 226.2
2013-10-27T183303.364Z 225.8
2013-10-27T183308.369Z 225.8
2013-10-27T183313.373Z 226.2
2013-10-27T183318.378Z 225.5
2013-10-27T183323.383Z 226.1
2013-10-27T183328.387Z 225.7
2013-10-27T183333.392Z 226.3
2013-10-27T183338.397Z 226.5
2013-10-27T183343.401Z 226.3
2013-10-27T183348.406Z 225.7
2013-10-27T183353.411Z 226.6
2013-10-27T183358.415Z 226.9
2013-10-27T183403.416Z 227.8
2013-10-27T183408.421Z 227.4
2013-10-27T183413.425Z 227.2
2013-10-27T183418.432Z 227.3
2013-10-27T183423.435Z 227.2
2013-10-27T183428.440Z 227.0
2013-10-27T183433.444Z 227.0
2013-10-27T183438.448Z 225.9
2013-10-27T183443.451Z 227.2
2013-10-27T183448.456Z 226.6
2013-10-27T183453.460Z 226.9
2013-10-27T183458.464Z 227.2
2013-10-27T183503.466Z 227.0
2013-10-27T183508.470Z 227.3
2013-10-27T183513.475Z 226.7
2013-10-27T183518.480Z 226.7
2013-10-27T183523.485Z 226.3
2013-10-27T183528.489Z 225.7
2013-10-27T183533.494Z 226.7
2013-10-27T183538.499Z 225.7
2013-10-27T183543.505Z 226.6
2013-10-27T183548.512Z 226.6
2013-10-27T183553.516Z 227.4
2013-10-27T183558.522Z 226.6
2013-10-27T183603.527Z 228.0
2013-10-27T183608.531Z 226.3
2013-10-27T183613.536Z 225.0
2013-10-27T183618.543Z 226.7
2013-10-27T183623.546Z 225.8
2013-10-27T183628.551Z 226.2
2013-10-27T183633.555Z 223.9
2013-10-27T183638.557Z 225.7
2013-10-27T183643.560Z 225.8
2013-10-27T183648.567Z 226.6
2013-10-27T183653.570Z 225.4
2013-10-27T183658.576Z 228.1
2013-10-27T183703.578Z 227.0
2013-10-27T183708.583Z 227.0
2013-10-27T183713.586Z 225.7
2013-10-27T183718.591Z 226.5
2013-10-27T183723.597Z 224.8
2013-10-27T183728.601Z 225.0
2013-10-27T183733.605Z 225.2
2013-10-27T183738.610Z 227.2
2013-10-27T183743.615Z 224.4
2013-10-27T183748.619Z 225.7
2013-10-27T183753.624Z 226.6
2013-10-27T183758.630Z 226.1
2013-10-27T183803.630Z 224.7
2013-10-27T183808.636Z 225.0
2013-10-27T183813.640Z 225.8
2013-10-27T183818.644Z 225.0
2013-10-27T183823.649Z 225.0
2013-10-27T183828.654Z 225.2
2013-10-27T183833.661Z 226.6
2013-10-27T183838.665Z 224.6
2013-10-27T183843.670Z 224.7
2013-10-27T183848.675Z 224.4
2013-10-27T183853.678Z 226.3
2013-10-27T183858.683Z 224.3
2013-10-27T183903.687Z 225.0
2013-10-27T183908.692Z 225.4
2013-10-27T183913.696Z 224.8
2013-10-27T183918.700Z 227.0
2013-10-27T183923.704Z 224.6
2013-10-27T183928.709Z 222.4
2013-10-27T183933.712Z 225.1
2013-10-27T183938.717Z 225.7
2013-10-27T183943.721Z 224.4
2013-10-27T183948.726Z 222.6
2013-10-27T183953.730Z 224.3
2013-10-27T183958.734Z 225.2
2013-10-27T184003.738Z 224.7
2013-10-27T184008.743Z 225.0
2013-10-27T184013.747Z 224.6
2013-10-27T184018.752Z 224.3
2013-10-27T184023.755Z 224.7
2013-10-27T184028.762Z 225.0
2013-10-27T184033.765Z 225.5
2013-10-27T184038.770Z 225.2
2013-10-27T184043.773Z 224.8
2013-10-27T184048.777Z 225.2
2013-10-27T184053.781Z 224.6
2013-10-27T184058.788Z 224.3
2013-10-27T184103.790Z 224.7
2013-10-27T184108.795Z 225.7
2013-10-27T184113.799Z 225.5
2013-10-27T184118.804Z 225.5
2013-10-27T184123.807Z 226.2
2013-10-27T184128.813Z 225.8
2013-10-27T184133.816Z 226.1
2013-10-27T184138.820Z 226.5
2013-10-27T184143.825Z 228.1
2013-10-27T184148.829Z 226.5
2013-10-27T184153.834Z 227.6
2013-10-27T184158.840Z 226.7
2013-10-27T184203.841Z 228.1
2013-10-27T184208.845Z 228.7
2013-10-27T184213.849Z 230.1
2013-10-27T184218.854Z 228.8
2013-10-27T184223.857Z 229.1
2013-10-27T184228.861Z 229.2
2013-10-27T184233.866Z 230.2
2013-10-27T184238.870Z 227.7
2013-10-27T184243.875Z 229.5
2013-10-27T184248.880Z 229.8
2013-10-27T184253.883Z 229.8
2013-10-27T184258.889Z 228.1
2013-10-27T184303.889Z 229.5
2013-10-27T184308.893Z 229.5
2013-10-27T184313.898Z 229.4
2013-10-27T184318.902Z 229.8
2013-10-27T184323.905Z 229.4
2013-10-27T184328.912Z 231.9
2013-10-27T184333.915Z 229.1
2013-10-27T184338.918Z 229.4
2013-10-27T184343.923Z 230.5
2013-10-27T184348.925Z 229.9
2013-10-27T184353.930Z 228.9
2013-10-27T184358.935Z 230.5
2013-10-27T184403.936Z 228.9
2013-10-27T184408.940Z 229.6
2013-10-27T184413.944Z 230.2
2013-10-27T184418.948Z 232.7
2013-10-27T184423.952Z 230.1
2013-10-27T184428.958Z 230.9
2013-10-27T184433.961Z 227.7
2013-10-27T184438.966Z 230.1
2013-10-27T184443.970Z 229.4
2013-10-27T184448.973Z 230.3
2013-10-27T184453.977Z 230.9
2013-10-27T184458.981Z 230.2
2013-10-27T184503.983Z 229.1
2013-10-27T184508.987Z 230.1
2013-10-27T184513.991Z 228.9
2013-10-27T184518.996Z 229.9
2013-10-27T184523.999Z 230.9
2013-10-27T184529.006Z 229.2
2013-10-27T184534.009Z 230.5
2013-10-27T184539.014Z 230.6
2013-10-27T184544.017Z 230.2
2013-10-27T184549.022Z 229.9
2013-10-27T184554.025Z 229.8
2013-10-27T184559.030Z 230.5
2013-10-27T184604.035Z 230.2
2013-10-27T184609.040Z 229.8
2013-10-27T184614.043Z 229.4
2013-10-27T184619.049Z 229.1
2013-10-27T184624.052Z 229.5
2013-10-27T184629.057Z 229.8
2013-10-27T184634.061Z 230.2
2013-10-27T184639.066Z 229.5
2013-10-27T184644.072Z 228.7
2013-10-27T184649.073Z 229.8
2013-10-27T184654.078Z 230.5
2013-10-27T184659.082Z 230.3
2013-10-27T184704.083Z 229.5
2013-10-27T184709.085Z 229.6
2013-10-27T184714.091Z 229.6
2013-10-27T184719.096Z 229.1
2013-10-27T184724.099Z 229.8
2013-10-27T184729.106Z 229.6
2013-10-27T184734.109Z 231.2
2013-10-27T184739.115Z 228.1
2013-10-27T184744.118Z 229.2
2013-10-27T184749.124Z 229.9
2013-10-27T184754.129Z 228.5
2013-10-27T184759.133Z 230.9
2013-10-27T184804.137Z 228.3
2013-10-27T184809.139Z 228.1
2013-10-27T184814.144Z 228.7
2013-10-27T184819.149Z 229.1
2013-10-27T184824.153Z 228.3
2013-10-27T184829.157Z 227.6
2013-10-27T184834.162Z 228.1
2013-10-27T184839.167Z 227.6
2013-10-27T184844.169Z 228.5
2013-10-27T184849.174Z 228.1
2013-10-27T184854.179Z 228.1
2013-10-27T184859.184Z 228.1
2013-10-27T184904.188Z 229.2
2013-10-27T184909.192Z 228.5
2013-10-27T184914.197Z 228.4
2013-10-27T184919.202Z 228.3
2013-10-27T184924.206Z 228.5
2013-10-27T184929.210Z 227.8
2013-10-27T184934.215Z 226.3
2013-10-27T184939.221Z 228.7
2013-10-27T184944.224Z 228.0
2013-10-27T184949.227Z 228.9
2013-10-27T184954.233Z 228.7
2013-10-27T184959.236Z 228.0
2013-10-27T185004.238Z 226.9
2013-10-27T185009.241Z 228.4
2013-10-27T185014.246Z 230.5
2013-10-27T185019.250Z 228.1
2013-10-27T185024.253Z 227.8
2013-10-27T185029.259Z 227.2
2013-10-27T185034.263Z 229.4
2013-10-27T185039.268Z 228.0
2013-10-27T185044.273Z 227.8
2013-10-27T185049.278Z 228.5
2013-10-27T185054.282Z 227.2
2013-10-27T185059.286Z 226.5
2013-10-27T185104.293Z 227.7
2013-10-27T185109.296Z 228.0
2013-10-27T185114.299Z 229.4
2013-10-27T185119.304Z 229.4
2013-10-27T185124.307Z 227.6
2013-10-27T185129.312Z 228.7
2013-10-27T185134.317Z 228.3
2013-10-27T185139.322Z 228.1
2013-10-27T185144.326Z 228.9
2013-10-27T185149.329Z 228.7
2013-10-27T185154.335Z 228.7
2013-10-27T185159.340Z 228.7
2013-10-27T185204.345Z 228.5
2013-10-27T185209.351Z 228.7
2013-10-27T185214.356Z 226.3
2013-10-27T185219.358Z 228.5
2013-10-27T185224.363Z 230.3
2013-10-27T185229.369Z 228.5
2013-10-27T185234.372Z 230.2
2013-10-27T185239.373Z 228.3
2013-10-27T185244.378Z 227.0
2013-10-27T185249.382Z 229.6
2013-10-27T185254.386Z 227.6
2013-10-27T185259.390Z 229.1
2013-10-27T185304.393Z 228.3
2013-10-27T185309.398Z 228.3
2013-10-27T185314.401Z 228.1
2013-10-27T185319.406Z 229.9
2013-10-27T185324.410Z 228.9
2013-10-27T185329.414Z 228.5
2013-10-27T185334.419Z 228.3
2013-10-27T185339.425Z 227.6
2013-10-27T185344.428Z 227.6
2013-10-27T185349.432Z 228.8
2013-10-27T185354.438Z 226.6
2013-10-27T185359.442Z 228.1
2013-10-27T185404.444Z 228.1
2013-10-27T185409.449Z 227.4
2013-10-27T185414.453Z 229.5
2013-10-27T185419.458Z 227.7
2013-10-27T185424.463Z 228.4
2013-10-27T185429.468Z 230.3
2013-10-27T185434.471Z 228.0
2013-10-27T185439.478Z 229.6
2013-10-27T185444.479Z 228.0
2013-10-27T185449.483Z 227.2
2013-10-27T185454.489Z 228.1
2013-10-27T185459.493Z 228.1
2013-10-27T185504.495Z 228.3
2013-10-27T185509.499Z 228.0
2013-10-27T185514.503Z 228.7
2013-10-27T185519.508Z 229.2
2013-10-27T185524.513Z 226.6
2013-10-27T185529.517Z 228.7
2013-10-27T185534.523Z 228.1
2013-10-27T185539.528Z 228.5
2013-10-27T185544.532Z 228.1
2013-10-27T185549.535Z 229.1
2013-10-27T185554.540Z 228.5
2013-10-27T185559.545Z 228.4
2013-10-27T185604.551Z 228.9
2013-10-27T185609.555Z 228.0
2013-10-27T185614.559Z 228.8
2013-10-27T185619.563Z 229.5
2013-10-27T185624.568Z 228.5
2013-10-27T185629.572Z 227.8
2013-10-27T185634.576Z 228.1
2013-10-27T185639.577Z 228.1
2013-10-27T185644.581Z 228.3
2013-10-27T185649.585Z 228.5
2013-10-27T185654.590Z 228.7
2013-10-27T185659.594Z 228.1
2013-10-27T185704.600Z 228.5
2013-10-27T185709.607Z 228.5
2013-10-27T185714.610Z 227.7
2013-10-27T185719.613Z 230.9
2013-10-27T185724.617Z 228.8
2013-10-27T185729.622Z 228.1
2013-10-27T185734.625Z 227.2
2013-10-27T185739.632Z 228.4
2013-10-27T185744.635Z 227.4
2013-10-27T185749.638Z 226.2
2013-10-27T185754.643Z 228.3
2013-10-27T185759.648Z 229.1
2013-10-27T185804.653Z 228.1
2013-10-27T185809.657Z 228.3
2013-10-27T185814.662Z 229.9
2013-10-27T185819.666Z 226.7
2013-10-27T185824.669Z 223.9
2013-10-27T185829.675Z 216.3
2013-10-27T185834.679Z 210.1
2013-10-27T185839.684Z 205.0
2013-10-27T185844.689Z 203.1
2013-10-27T185849.693Z 201.2
2013-10-27T185854.698Z 204.0
2013-10-27T185859.702Z 204.6
2013-10-27T185904.707Z 206.6
2013-10-27T185909.713Z 209.7
2013-10-27T185914.716Z 210.4
2013-10-27T185919.721Z 211.0
2013-10-27T185924.726Z 214.5
2013-10-27T185929.732Z 214.9
2013-10-27T185934.737Z 216.3
2013-10-27T185939.742Z 218.4
2013-10-27T185944.745Z 220.9
2013-10-27T185949.749Z 220.9
2013-10-27T185954.754Z 221.4
2013-10-27T185959.757Z 221.0
2013-10-27T190004.761Z 223.3
2013-10-27T190009.766Z 225.4
2013-10-27T190014.772Z 224.0
2013-10-27T190019.774Z 224.4
2013-10-27T190024.779Z 226.6
2013-10-27T190029.783Z 226.1
2013-10-27T190034.786Z 225.5
2013-10-27T190039.793Z 226.9
2013-10-27T190044.796Z 226.1
2013-10-27T190049.800Z 221.2
2013-10-27T190054.806Z 212.9
2013-10-27T190059.811Z 207.1
2013-10-27T190104.811Z 201.2
2013-10-27T190109.816Z 197.1
2013-10-27T190114.818Z 196.3
2013-10-27T190119.824Z 195.2
2013-10-27T190124.828Z 195.5
2013-10-27T190129.832Z 196.7
2013-10-27T190134.837Z 198.5
2013-10-27T190139.842Z 198.6
2013-10-27T190144.847Z 200.5
2013-10-27T190149.851Z 201.5
2013-10-27T190154.857Z 202.2
2013-10-27T190159.861Z 203.0
2013-10-27T190204.865Z 205.1
2013-10-27T190209.870Z 204.8
2013-10-27T190214.874Z 206.3
2013-10-27T190219.879Z 206.7
2013-10-27T190224.883Z 207.5
2013-10-27T190229.888Z 207.9
2013-10-27T190234.892Z 209.4
2013-10-27T190239.898Z 210.8
2013-10-27T190244.902Z 210.6
2013-10-27T190249.906Z 212.4
2013-10-27T190254.910Z 213.2
2013-10-27T190259.922Z 212.8
2013-10-27T190304.919Z 214.4
2013-10-27T190309.924Z 214.8
2013-10-27T190314.929Z 215.9
2013-10-27T190319.934Z 217.5
2013-10-27T190324.938Z 216.4
2013-10-27T190329.943Z 218.2
2013-10-27T190334.948Z 218.3
2013-10-27T190339.953Z 217.2
2013-10-27T190344.956Z 219.9
2013-10-27T190349.961Z 219.3
2013-10-27T190354.966Z 221.3
2013-10-27T190359.970Z 221.4
2013-10-27T190404.973Z 221.4
2013-10-27T190409.977Z 221.6
2013-10-27T190414.981Z 221.0
2013-10-27T190419.985Z 222.6
2013-10-27T190424.989Z 222.2
2013-10-27T190429.994Z 223.2
2013-10-27T190434.999Z 222.8
2013-10-27T190440.004Z 224.3
2013-10-27T190445.010Z 224.4
2013-10-27T190450.013Z 223.3
2013-10-27T190455.018Z 225.1
2013-10-27T190500.023Z 224.4
2013-10-27T190505.023Z 224.4
2013-10-27T190510.028Z 225.4
2013-10-27T190515.033Z 225.5
2013-10-27T190520.037Z 222.9
2013-10-27T190525.041Z 224.8
2013-10-27T190530.044Z 226.2
2013-10-27T190535.049Z 224.8
2013-10-27T190540.055Z 225.0
2013-10-27T190545.059Z 225.4
2013-10-27T190550.064Z 225.1
2013-10-27T190555.069Z 225.5
2013-10-27T190600.073Z 225.1
2013-10-27T190605.078Z 225.4
2013-10-27T190610.083Z 225.8
2013-10-27T190615.090Z 226.2
2013-10-27T190620.093Z 225.8
2013-10-27T190625.098Z 225.8
2013-10-27T190630.102Z 225.5
2013-10-27T190635.108Z 225.9
2013-10-27T190640.112Z 226.3
2013-10-27T190645.117Z 225.8
2013-10-27T190650.121Z 225.7
2013-10-27T190655.125Z 226.5
2013-10-27T190700.125Z 225.8
2013-10-27T190705.130Z 226.3
2013-10-27T190710.135Z 224.4
2013-10-27T190715.140Z 225.7
2013-10-27T190720.146Z 224.6
2013-10-27T190725.149Z 225.8
2013-10-27T190730.154Z 225.7
2013-10-27T190735.159Z 227.7
2013-10-27T190740.164Z 225.7
2013-10-27T190745.170Z 228.5
2013-10-27T190750.176Z 225.7
2013-10-27T190755.181Z 227.0
2013-10-27T190800.187Z 225.9
2013-10-27T190805.190Z 226.7
2013-10-27T190810.194Z 225.9
2013-10-27T190815.199Z 226.9
2013-10-27T190820.202Z 226.1
2013-10-27T190825.207Z 225.1
2013-10-27T190830.212Z 225.7
2013-10-27T190835.215Z 224.6
2013-10-27T190840.220Z 225.8
2013-10-27T190845.226Z 226.3
2013-10-27T190850.226Z 225.4
2013-10-27T190855.232Z 225.8
2013-10-27T190900.237Z 224.8
2013-10-27T190905.242Z 225.2
2013-10-27T190910.247Z 225.2
2013-10-27T190915.252Z 224.7
2013-10-27T190920.256Z 225.1
2013-10-27T190925.261Z 225.2
2013-10-27T190930.266Z 224.1
2013-10-27T190935.269Z 225.1
2013-10-27T190940.275Z 224.7
2013-10-27T190945.280Z 225.1
2013-10-27T190950.284Z 225.8
2013-10-27T190955.289Z 225.1
2013-10-27T191000.290Z 225.1
2013-10-27T191005.294Z 225.0
2013-10-27T191010.299Z 225.5
2013-10-27T191015.305Z 225.4
2013-10-27T191020.309Z 225.5
2013-10-27T191025.313Z 224.6
2013-10-27T191030.317Z 225.4
2013-10-27T191035.322Z 225.8
2013-10-27T191040.327Z 225.8
2013-10-27T191045.331Z 225.8
2013-10-27T191050.336Z 225.7
2013-10-27T191055.339Z 226.5
2013-10-27T191100.345Z 225.4
2013-10-27T191105.349Z 225.8
2013-10-27T191110.354Z 226.5
2013-10-27T191115.356Z 225.7
2013-10-27T191120.360Z 225.2
2013-10-27T191125.363Z 225.4
2013-10-27T191130.368Z 225.2
2013-10-27T191135.373Z 226.6
2013-10-27T191140.378Z 225.4
2013-10-27T191145.383Z 226.1
2013-10-27T191150.387Z 225.7
2013-10-27T191155.393Z 224.3
2013-10-27T191200.398Z 225.2
2013-10-27T191205.401Z 225.1
2013-10-27T191210.408Z 225.1
2013-10-27T191215.412Z 225.0
2013-10-27T191220.415Z 225.1
2013-10-27T191225.420Z 226.9
2013-10-27T191230.425Z 226.6
2013-10-27T191235.429Z 225.7
2013-10-27T191240.433Z 224.4
2013-10-27T191245.438Z 225.7
2013-10-27T191250.442Z 225.7
2013-10-27T191255.448Z 224.3
2013-10-27T191300.453Z 225.0
2013-10-27T191305.458Z 225.5
2013-10-27T191310.462Z 224.7
2013-10-27T191315.467Z 225.0
2013-10-27T191320.472Z 225.4
2013-10-27T191325.476Z 225.2
2013-10-27T191330.481Z 224.6
2013-10-27T191335.487Z 225.9
2013-10-27T191340.491Z 224.8
2013-10-27T191345.495Z 226.6
2013-10-27T191350.499Z 224.4
2013-10-27T191355.504Z 216.3
2013-10-27T191400.509Z 208.2
2013-10-27T191405.514Z 198.8
2013-10-27T191410.519Z 198.0
2013-10-27T191415.523Z 195.8
2013-10-27T191420.529Z 193.2
2013-10-27T191425.529Z 196.5
2013-10-27T191430.534Z 198.6
2013-10-27T191435.539Z 199.4
2013-10-27T191440.544Z 201.2
2013-10-27T191445.549Z 203.2
2013-10-27T191450.552Z 206.3
2013-10-27T191455.558Z 207.1
2013-10-27T191500.559Z 209.2
2013-10-27T191505.564Z 210.6
2013-10-27T191510.576Z 211.8
2013-10-27T191515.573Z 213.9
2013-10-27T191520.577Z 212.7
2013-10-27T191525.582Z 216.8
2013-10-27T191530.587Z 218.4
2013-10-27T191535.591Z 217.4
2013-10-27T191540.594Z 219.9
2013-10-27T191545.598Z 220.3
2013-10-27T191550.603Z 221.2
2013-10-27T191555.609Z 223.1
2013-10-27T191600.610Z 223.2
2013-10-27T191605.616Z 223.1
2013-10-27T191610.620Z 222.5
2013-10-27T191615.624Z 224.6
2013-10-27T191620.628Z 223.7
2013-10-27T191625.634Z 217.5
2013-10-27T191630.637Z 208.6
2013-10-27T191635.642Z 203.1
2013-10-27T191640.648Z 198.9
2013-10-27T191645.651Z 195.8
2013-10-27T191650.656Z 197.0
2013-10-27T191655.661Z 200.1
